deep Ensemble learning ResNet slices2D (Whole cohort training)
[33mWARNING:[0m NVIDIA binaries may not be bound with --writable
..data size:(451, 128, 128, 128)
#### training axial ####
Epoch 1/120
400/400 - 14s - loss: 39.7101 - mean_absolute_error: 3.6349 - 14s/epoch - 35ms/step
Epoch 2/120
400/400 - 7s - loss: 4.5704 - mean_absolute_error: 1.7053 - 7s/epoch - 17ms/step
Epoch 3/120
400/400 - 7s - loss: 3.2331 - mean_absolute_error: 1.4767 - 7s/epoch - 17ms/step
Epoch 4/120
400/400 - 7s - loss: 2.5658 - mean_absolute_error: 1.3569 - 7s/epoch - 17ms/step
Epoch 5/120
400/400 - 7s - loss: 2.1629 - mean_absolute_error: 1.2627 - 7s/epoch - 17ms/step
Epoch 6/120
400/400 - 7s - loss: 1.6798 - mean_absolute_error: 1.1313 - 7s/epoch - 17ms/step
Epoch 7/120
400/400 - 7s - loss: 1.7132 - mean_absolute_error: 1.1422 - 7s/epoch - 17ms/step
Epoch 8/120
400/400 - 7s - loss: 1.5121 - mean_absolute_error: 1.0820 - 7s/epoch - 17ms/step
Epoch 9/120
400/400 - 7s - loss: 1.2734 - mean_absolute_error: 1.0030 - 7s/epoch - 17ms/step
Epoch 10/120
400/400 - 7s - loss: 1.1142 - mean_absolute_error: 0.9603 - 7s/epoch - 17ms/step
Epoch 11/120
400/400 - 7s - loss: 0.9861 - mean_absolute_error: 0.9128 - 7s/epoch - 17ms/step
Epoch 12/120
400/400 - 7s - loss: 0.8996 - mean_absolute_error: 0.8934 - 7s/epoch - 17ms/step
Epoch 13/120
400/400 - 7s - loss: 0.8906 - mean_absolute_error: 0.8799 - 7s/epoch - 17ms/step
Epoch 14/120
400/400 - 7s - loss: 0.8691 - mean_absolute_error: 0.8882 - 7s/epoch - 17ms/step
Epoch 15/120
400/400 - 7s - loss: 0.9832 - mean_absolute_error: 0.9092 - 7s/epoch - 17ms/step
Epoch 16/120
400/400 - 7s - loss: 0.7769 - mean_absolute_error: 0.8426 - 7s/epoch - 17ms/step
Epoch 17/120
400/400 - 7s - loss: 0.6658 - mean_absolute_error: 0.7873 - 7s/epoch - 17ms/step
Epoch 18/120
400/400 - 7s - loss: 0.5985 - mean_absolute_error: 0.7470 - 7s/epoch - 17ms/step
Epoch 19/120
400/400 - 7s - loss: 0.6464 - mean_absolute_error: 0.7727 - 7s/epoch - 17ms/step
Epoch 20/120
400/400 - 7s - loss: 0.5746 - mean_absolute_error: 0.7350 - 7s/epoch - 17ms/step
Epoch 21/120
400/400 - 7s - loss: 0.6465 - mean_absolute_error: 0.7601 - 7s/epoch - 17ms/step
Epoch 22/120
400/400 - 7s - loss: 0.7190 - mean_absolute_error: 0.8014 - 7s/epoch - 17ms/step
Epoch 23/120
400/400 - 7s - loss: 0.5626 - mean_absolute_error: 0.7310 - 7s/epoch - 17ms/step
Epoch 24/120
400/400 - 7s - loss: 0.4693 - mean_absolute_error: 0.6719 - 7s/epoch - 17ms/step
Epoch 25/120
400/400 - 7s - loss: 0.4891 - mean_absolute_error: 0.6878 - 7s/epoch - 17ms/step
Epoch 26/120
400/400 - 7s - loss: 0.4758 - mean_absolute_error: 0.6802 - 7s/epoch - 17ms/step
Epoch 27/120
400/400 - 7s - loss: 0.3627 - mean_absolute_error: 0.6123 - 7s/epoch - 17ms/step
Epoch 28/120
400/400 - 7s - loss: 0.3700 - mean_absolute_error: 0.6085 - 7s/epoch - 17ms/step
Epoch 29/120
400/400 - 7s - loss: 0.4721 - mean_absolute_error: 0.6574 - 7s/epoch - 17ms/step
Epoch 30/120
400/400 - 7s - loss: 0.3716 - mean_absolute_error: 0.6079 - 7s/epoch - 17ms/step
Epoch 31/120
400/400 - 7s - loss: 0.3513 - mean_absolute_error: 0.6006 - 7s/epoch - 17ms/step
Epoch 32/120
400/400 - 7s - loss: 0.3547 - mean_absolute_error: 0.6007 - 7s/epoch - 17ms/step
Epoch 33/120
400/400 - 7s - loss: 0.3137 - mean_absolute_error: 0.5775 - 7s/epoch - 17ms/step
Epoch 34/120
400/400 - 7s - loss: 0.3081 - mean_absolute_error: 0.5723 - 7s/epoch - 17ms/step
Epoch 35/120
400/400 - 7s - loss: 0.3307 - mean_absolute_error: 0.5839 - 7s/epoch - 17ms/step
Epoch 36/120
400/400 - 7s - loss: 0.3120 - mean_absolute_error: 0.5601 - 7s/epoch - 17ms/step
Epoch 37/120
400/400 - 7s - loss: 0.2643 - mean_absolute_error: 0.5275 - 7s/epoch - 17ms/step
Epoch 38/120
400/400 - 7s - loss: 0.2629 - mean_absolute_error: 0.5267 - 7s/epoch - 17ms/step
Epoch 39/120
400/400 - 7s - loss: 0.2313 - mean_absolute_error: 0.5040 - 7s/epoch - 17ms/step
Epoch 40/120
400/400 - 7s - loss: 0.2421 - mean_absolute_error: 0.5093 - 7s/epoch - 17ms/step
Epoch 41/120
400/400 - 7s - loss: 0.1958 - mean_absolute_error: 0.4646 - 7s/epoch - 17ms/step
Epoch 42/120
400/400 - 7s - loss: 0.2677 - mean_absolute_error: 0.5148 - 7s/epoch - 17ms/step
Epoch 43/120
400/400 - 7s - loss: 0.2180 - mean_absolute_error: 0.4880 - 7s/epoch - 17ms/step
Epoch 44/120
400/400 - 7s - loss: 0.1983 - mean_absolute_error: 0.4600 - 7s/epoch - 17ms/step
Epoch 45/120
400/400 - 7s - loss: 0.1749 - mean_absolute_error: 0.4423 - 7s/epoch - 17ms/step
Epoch 46/120
400/400 - 7s - loss: 0.2186 - mean_absolute_error: 0.4822 - 7s/epoch - 17ms/step
Epoch 47/120
400/400 - 7s - loss: 0.1795 - mean_absolute_error: 0.4454 - 7s/epoch - 18ms/step
Epoch 48/120
400/400 - 7s - loss: 0.1712 - mean_absolute_error: 0.4328 - 7s/epoch - 17ms/step
Epoch 49/120
400/400 - 7s - loss: 0.1571 - mean_absolute_error: 0.4225 - 7s/epoch - 17ms/step
Epoch 50/120
400/400 - 7s - loss: 0.1513 - mean_absolute_error: 0.4153 - 7s/epoch - 17ms/step
Epoch 51/120
400/400 - 7s - loss: 0.1713 - mean_absolute_error: 0.4258 - 7s/epoch - 17ms/step
Epoch 52/120
400/400 - 7s - loss: 0.1679 - mean_absolute_error: 0.4265 - 7s/epoch - 17ms/step
Epoch 53/120
400/400 - 7s - loss: 0.1461 - mean_absolute_error: 0.4026 - 7s/epoch - 17ms/step
Epoch 54/120
400/400 - 7s - loss: 0.1292 - mean_absolute_error: 0.3850 - 7s/epoch - 17ms/step
Epoch 55/120
400/400 - 7s - loss: 0.1522 - mean_absolute_error: 0.4120 - 7s/epoch - 17ms/step
Epoch 56/120
400/400 - 7s - loss: 0.1327 - mean_absolute_error: 0.3876 - 7s/epoch - 17ms/step
Epoch 57/120
400/400 - 7s - loss: 0.1600 - mean_absolute_error: 0.4128 - 7s/epoch - 17ms/step
Epoch 58/120
400/400 - 7s - loss: 0.1162 - mean_absolute_error: 0.3648 - 7s/epoch - 17ms/step
Epoch 59/120
400/400 - 7s - loss: 0.1300 - mean_absolute_error: 0.3796 - 7s/epoch - 17ms/step
Epoch 60/120
400/400 - 7s - loss: 0.1124 - mean_absolute_error: 0.3575 - 7s/epoch - 17ms/step
Epoch 61/120
400/400 - 7s - loss: 0.1384 - mean_absolute_error: 0.3888 - 7s/epoch - 17ms/step
Epoch 62/120
400/400 - 7s - loss: 0.1124 - mean_absolute_error: 0.3575 - 7s/epoch - 17ms/step
Epoch 63/120
400/400 - 7s - loss: 0.0996 - mean_absolute_error: 0.3423 - 7s/epoch - 17ms/step
Epoch 64/120
400/400 - 7s - loss: 0.1063 - mean_absolute_error: 0.3449 - 7s/epoch - 17ms/step
Epoch 65/120
400/400 - 7s - loss: 0.1165 - mean_absolute_error: 0.3583 - 7s/epoch - 17ms/step
Epoch 66/120
400/400 - 7s - loss: 0.1121 - mean_absolute_error: 0.3559 - 7s/epoch - 17ms/step
Epoch 67/120
400/400 - 7s - loss: 0.1147 - mean_absolute_error: 0.3520 - 7s/epoch - 17ms/step
Epoch 68/120
400/400 - 7s - loss: 0.1036 - mean_absolute_error: 0.3504 - 7s/epoch - 17ms/step
Epoch 69/120
400/400 - 7s - loss: 0.1178 - mean_absolute_error: 0.3732 - 7s/epoch - 17ms/step
Epoch 70/120
400/400 - 7s - loss: 0.0913 - mean_absolute_error: 0.3218 - 7s/epoch - 17ms/step
Epoch 71/120
400/400 - 7s - loss: 0.0812 - mean_absolute_error: 0.3105 - 7s/epoch - 17ms/step
Epoch 72/120
400/400 - 7s - loss: 0.0899 - mean_absolute_error: 0.3226 - 7s/epoch - 17ms/step
Epoch 73/120
400/400 - 7s - loss: 0.0826 - mean_absolute_error: 0.3085 - 7s/epoch - 17ms/step
Epoch 74/120
400/400 - 7s - loss: 0.1148 - mean_absolute_error: 0.3484 - 7s/epoch - 17ms/step
Epoch 75/120
400/400 - 7s - loss: 0.0895 - mean_absolute_error: 0.3178 - 7s/epoch - 17ms/step
Epoch 76/120
400/400 - 7s - loss: 0.0904 - mean_absolute_error: 0.3166 - 7s/epoch - 17ms/step
Epoch 77/120
400/400 - 7s - loss: 0.0832 - mean_absolute_error: 0.3156 - 7s/epoch - 17ms/step
Epoch 78/120
400/400 - 7s - loss: 0.0714 - mean_absolute_error: 0.2930 - 7s/epoch - 17ms/step
Epoch 79/120
400/400 - 7s - loss: 0.0790 - mean_absolute_error: 0.3032 - 7s/epoch - 17ms/step
Epoch 80/120
400/400 - 7s - loss: 0.0730 - mean_absolute_error: 0.2961 - 7s/epoch - 17ms/step
Epoch 81/120
400/400 - 7s - loss: 0.0828 - mean_absolute_error: 0.3019 - 7s/epoch - 17ms/step
Epoch 82/120
400/400 - 7s - loss: 0.0816 - mean_absolute_error: 0.2974 - 7s/epoch - 17ms/step
Epoch 83/120
400/400 - 7s - loss: 0.0764 - mean_absolute_error: 0.2886 - 7s/epoch - 17ms/step
Epoch 84/120
400/400 - 7s - loss: 0.0712 - mean_absolute_error: 0.2915 - 7s/epoch - 17ms/step
Epoch 85/120
400/400 - 7s - loss: 0.0751 - mean_absolute_error: 0.2967 - 7s/epoch - 17ms/step
Epoch 86/120
400/400 - 7s - loss: 0.0677 - mean_absolute_error: 0.2827 - 7s/epoch - 17ms/step
Epoch 87/120
400/400 - 7s - loss: 0.0704 - mean_absolute_error: 0.2858 - 7s/epoch - 17ms/step
Epoch 88/120
400/400 - 7s - loss: 0.0693 - mean_absolute_error: 0.2821 - 7s/epoch - 17ms/step
Epoch 89/120
400/400 - 7s - loss: 0.0861 - mean_absolute_error: 0.3109 - 7s/epoch - 17ms/step
Epoch 90/120
400/400 - 7s - loss: 0.0621 - mean_absolute_error: 0.2725 - 7s/epoch - 17ms/step
Epoch 91/120
400/400 - 7s - loss: 0.0690 - mean_absolute_error: 0.2810 - 7s/epoch - 17ms/step
Epoch 92/120
400/400 - 7s - loss: 0.0606 - mean_absolute_error: 0.2592 - 7s/epoch - 17ms/step
Epoch 93/120
400/400 - 7s - loss: 0.0735 - mean_absolute_error: 0.2806 - 7s/epoch - 17ms/step
Epoch 94/120
400/400 - 7s - loss: 0.0681 - mean_absolute_error: 0.2799 - 7s/epoch - 17ms/step
Epoch 95/120
400/400 - 7s - loss: 0.0585 - mean_absolute_error: 0.2614 - 7s/epoch - 17ms/step
Epoch 96/120
400/400 - 7s - loss: 0.0632 - mean_absolute_error: 0.2701 - 7s/epoch - 17ms/step
Epoch 97/120
400/400 - 7s - loss: 0.0586 - mean_absolute_error: 0.2636 - 7s/epoch - 17ms/step
Epoch 98/120
400/400 - 7s - loss: 0.0649 - mean_absolute_error: 0.2700 - 7s/epoch - 17ms/step
Epoch 99/120
400/400 - 7s - loss: 0.0558 - mean_absolute_error: 0.2558 - 7s/epoch - 17ms/step
Epoch 100/120
400/400 - 7s - loss: 0.0620 - mean_absolute_error: 0.2693 - 7s/epoch - 17ms/step
Epoch 101/120
400/400 - 7s - loss: 0.0544 - mean_absolute_error: 0.2545 - 7s/epoch - 17ms/step
Epoch 102/120
400/400 - 7s - loss: 0.0538 - mean_absolute_error: 0.2536 - 7s/epoch - 17ms/step
Epoch 103/120
400/400 - 7s - loss: 0.0503 - mean_absolute_error: 0.2502 - 7s/epoch - 17ms/step
Epoch 104/120
400/400 - 7s - loss: 0.0532 - mean_absolute_error: 0.2543 - 7s/epoch - 17ms/step
Epoch 105/120
400/400 - 7s - loss: 0.0503 - mean_absolute_error: 0.2427 - 7s/epoch - 17ms/step
Epoch 106/120
400/400 - 7s - loss: 0.0579 - mean_absolute_error: 0.2554 - 7s/epoch - 17ms/step
Epoch 107/120
400/400 - 7s - loss: 0.0506 - mean_absolute_error: 0.2441 - 7s/epoch - 17ms/step
Epoch 108/120
400/400 - 7s - loss: 0.0707 - mean_absolute_error: 0.2795 - 7s/epoch - 17ms/step
Epoch 109/120
400/400 - 7s - loss: 0.0450 - mean_absolute_error: 0.2347 - 7s/epoch - 17ms/step
Epoch 110/120
400/400 - 7s - loss: 0.0548 - mean_absolute_error: 0.2494 - 7s/epoch - 17ms/step
Epoch 111/120
400/400 - 7s - loss: 0.0527 - mean_absolute_error: 0.2475 - 7s/epoch - 17ms/step
Epoch 112/120
400/400 - 7s - loss: 0.0437 - mean_absolute_error: 0.2324 - 7s/epoch - 17ms/step
Epoch 113/120
400/400 - 7s - loss: 0.0477 - mean_absolute_error: 0.2332 - 7s/epoch - 17ms/step
Epoch 114/120
400/400 - 7s - loss: 0.0437 - mean_absolute_error: 0.2294 - 7s/epoch - 17ms/step
Epoch 115/120
400/400 - 7s - loss: 0.0436 - mean_absolute_error: 0.2291 - 7s/epoch - 17ms/step
Epoch 116/120
400/400 - 7s - loss: 0.0489 - mean_absolute_error: 0.2355 - 7s/epoch - 17ms/step
Epoch 117/120
400/400 - 7s - loss: 0.0473 - mean_absolute_error: 0.2324 - 7s/epoch - 17ms/step
Epoch 118/120
400/400 - 7s - loss: 0.0493 - mean_absolute_error: 0.2384 - 7s/epoch - 17ms/step
Epoch 119/120
400/400 - 7s - loss: 0.0519 - mean_absolute_error: 0.2451 - 7s/epoch - 17ms/step
Epoch 120/120
400/400 - 7s - loss: 0.0386 - mean_absolute_error: 0.2180 - 7s/epoch - 17ms/step
#### training sagittal ####
Epoch 1/120
400/400 - 10s - loss: 29.6598 - mean_absolute_error: 3.2770 - 10s/epoch - 26ms/step
Epoch 2/120
400/400 - 7s - loss: 5.4958 - mean_absolute_error: 1.8596 - 7s/epoch - 17ms/step
Epoch 3/120
400/400 - 7s - loss: 4.4043 - mean_absolute_error: 1.6875 - 7s/epoch - 18ms/step
Epoch 4/120
400/400 - 7s - loss: 3.8656 - mean_absolute_error: 1.6028 - 7s/epoch - 18ms/step
Epoch 5/120
400/400 - 7s - loss: 3.2942 - mean_absolute_error: 1.4999 - 7s/epoch - 17ms/step
Epoch 6/120
400/400 - 7s - loss: 2.9695 - mean_absolute_error: 1.4370 - 7s/epoch - 17ms/step
Epoch 7/120
400/400 - 7s - loss: 2.5197 - mean_absolute_error: 1.3361 - 7s/epoch - 18ms/step
Epoch 8/120
400/400 - 7s - loss: 2.2820 - mean_absolute_error: 1.2890 - 7s/epoch - 18ms/step
Epoch 9/120
400/400 - 7s - loss: 1.9836 - mean_absolute_error: 1.2115 - 7s/epoch - 17ms/step
Epoch 10/120
400/400 - 7s - loss: 1.9324 - mean_absolute_error: 1.1958 - 7s/epoch - 17ms/step
Epoch 11/120
400/400 - 7s - loss: 1.4723 - mean_absolute_error: 1.0803 - 7s/epoch - 17ms/step
Epoch 12/120
400/400 - 7s - loss: 1.5649 - mean_absolute_error: 1.0916 - 7s/epoch - 17ms/step
Epoch 13/120
400/400 - 7s - loss: 1.3526 - mean_absolute_error: 1.0324 - 7s/epoch - 18ms/step
Epoch 14/120
400/400 - 7s - loss: 1.1914 - mean_absolute_error: 0.9880 - 7s/epoch - 17ms/step
Epoch 15/120
400/400 - 7s - loss: 1.0172 - mean_absolute_error: 0.9265 - 7s/epoch - 17ms/step
Epoch 16/120
400/400 - 7s - loss: 1.0467 - mean_absolute_error: 0.9264 - 7s/epoch - 17ms/step
Epoch 17/120
400/400 - 7s - loss: 0.9039 - mean_absolute_error: 0.8659 - 7s/epoch - 17ms/step
Epoch 18/120
400/400 - 7s - loss: 0.7622 - mean_absolute_error: 0.8138 - 7s/epoch - 17ms/step
Epoch 19/120
400/400 - 7s - loss: 0.7235 - mean_absolute_error: 0.7819 - 7s/epoch - 17ms/step
Epoch 20/120
400/400 - 7s - loss: 0.6686 - mean_absolute_error: 0.7708 - 7s/epoch - 17ms/step
Epoch 21/120
400/400 - 7s - loss: 0.6675 - mean_absolute_error: 0.7606 - 7s/epoch - 17ms/step
Epoch 22/120
400/400 - 7s - loss: 0.5786 - mean_absolute_error: 0.7209 - 7s/epoch - 17ms/step
Epoch 23/120
400/400 - 7s - loss: 0.6104 - mean_absolute_error: 0.7445 - 7s/epoch - 17ms/step
Epoch 24/120
400/400 - 7s - loss: 0.5601 - mean_absolute_error: 0.7091 - 7s/epoch - 17ms/step
Epoch 25/120
400/400 - 7s - loss: 0.6214 - mean_absolute_error: 0.7512 - 7s/epoch - 17ms/step
Epoch 26/120
400/400 - 7s - loss: 0.4280 - mean_absolute_error: 0.6428 - 7s/epoch - 17ms/step
Epoch 27/120
400/400 - 7s - loss: 0.4046 - mean_absolute_error: 0.6203 - 7s/epoch - 17ms/step
Epoch 28/120
400/400 - 7s - loss: 0.4431 - mean_absolute_error: 0.6452 - 7s/epoch - 17ms/step
Epoch 29/120
400/400 - 7s - loss: 0.3971 - mean_absolute_error: 0.6205 - 7s/epoch - 17ms/step
Epoch 30/120
400/400 - 7s - loss: 0.3751 - mean_absolute_error: 0.5940 - 7s/epoch - 17ms/step
Epoch 31/120
400/400 - 7s - loss: 0.3829 - mean_absolute_error: 0.5975 - 7s/epoch - 17ms/step
Epoch 32/120
400/400 - 7s - loss: 0.3920 - mean_absolute_error: 0.6017 - 7s/epoch - 17ms/step
Epoch 33/120
400/400 - 7s - loss: 0.2649 - mean_absolute_error: 0.5148 - 7s/epoch - 17ms/step
Epoch 34/120
400/400 - 7s - loss: 0.2848 - mean_absolute_error: 0.5347 - 7s/epoch - 17ms/step
Epoch 35/120
400/400 - 7s - loss: 0.2836 - mean_absolute_error: 0.5300 - 7s/epoch - 17ms/step
Epoch 36/120
400/400 - 7s - loss: 0.3032 - mean_absolute_error: 0.5455 - 7s/epoch - 17ms/step
Epoch 37/120
400/400 - 7s - loss: 0.2629 - mean_absolute_error: 0.5092 - 7s/epoch - 17ms/step
Epoch 38/120
400/400 - 7s - loss: 0.3142 - mean_absolute_error: 0.5450 - 7s/epoch - 17ms/step
Epoch 39/120
400/400 - 7s - loss: 0.2345 - mean_absolute_error: 0.4844 - 7s/epoch - 17ms/step
Epoch 40/120
400/400 - 7s - loss: 0.1961 - mean_absolute_error: 0.4534 - 7s/epoch - 17ms/step
Epoch 41/120
400/400 - 7s - loss: 0.2402 - mean_absolute_error: 0.4779 - 7s/epoch - 17ms/step
Epoch 42/120
400/400 - 7s - loss: 0.2075 - mean_absolute_error: 0.4732 - 7s/epoch - 17ms/step
Epoch 43/120
400/400 - 7s - loss: 0.1980 - mean_absolute_error: 0.4603 - 7s/epoch - 17ms/step
Epoch 44/120
400/400 - 7s - loss: 0.1835 - mean_absolute_error: 0.4318 - 7s/epoch - 17ms/step
Epoch 45/120
400/400 - 7s - loss: 0.2348 - mean_absolute_error: 0.4858 - 7s/epoch - 17ms/step
Epoch 46/120
400/400 - 7s - loss: 0.1855 - mean_absolute_error: 0.4411 - 7s/epoch - 17ms/step
Epoch 47/120
400/400 - 7s - loss: 0.1781 - mean_absolute_error: 0.4336 - 7s/epoch - 17ms/step
Epoch 48/120
400/400 - 7s - loss: 0.1594 - mean_absolute_error: 0.4131 - 7s/epoch - 17ms/step
Epoch 49/120
400/400 - 7s - loss: 0.1436 - mean_absolute_error: 0.3907 - 7s/epoch - 17ms/step
Epoch 50/120
400/400 - 7s - loss: 0.1569 - mean_absolute_error: 0.4111 - 7s/epoch - 17ms/step
Epoch 51/120
400/400 - 7s - loss: 0.1456 - mean_absolute_error: 0.3898 - 7s/epoch - 18ms/step
Epoch 52/120
400/400 - 7s - loss: 0.1402 - mean_absolute_error: 0.3880 - 7s/epoch - 17ms/step
Epoch 53/120
400/400 - 7s - loss: 0.1408 - mean_absolute_error: 0.3892 - 7s/epoch - 17ms/step
Epoch 54/120
400/400 - 7s - loss: 0.1161 - mean_absolute_error: 0.3562 - 7s/epoch - 18ms/step
Epoch 55/120
400/400 - 7s - loss: 0.1389 - mean_absolute_error: 0.3860 - 7s/epoch - 18ms/step
Epoch 56/120
400/400 - 7s - loss: 0.1399 - mean_absolute_error: 0.3818 - 7s/epoch - 17ms/step
Epoch 57/120
400/400 - 7s - loss: 0.1186 - mean_absolute_error: 0.3505 - 7s/epoch - 18ms/step
Epoch 58/120
400/400 - 7s - loss: 0.1352 - mean_absolute_error: 0.3778 - 7s/epoch - 17ms/step
Epoch 59/120
400/400 - 7s - loss: 0.1154 - mean_absolute_error: 0.3521 - 7s/epoch - 17ms/step
Epoch 60/120
400/400 - 7s - loss: 0.1182 - mean_absolute_error: 0.3564 - 7s/epoch - 17ms/step
Epoch 61/120
400/400 - 7s - loss: 0.1039 - mean_absolute_error: 0.3347 - 7s/epoch - 17ms/step
Epoch 62/120
400/400 - 7s - loss: 0.1296 - mean_absolute_error: 0.3675 - 7s/epoch - 17ms/step
Epoch 63/120
400/400 - 7s - loss: 0.1062 - mean_absolute_error: 0.3307 - 7s/epoch - 17ms/step
Epoch 64/120
400/400 - 7s - loss: 0.0945 - mean_absolute_error: 0.3162 - 7s/epoch - 17ms/step
Epoch 65/120
400/400 - 7s - loss: 0.1091 - mean_absolute_error: 0.3424 - 7s/epoch - 17ms/step
Epoch 66/120
400/400 - 7s - loss: 0.1229 - mean_absolute_error: 0.3521 - 7s/epoch - 17ms/step
Epoch 67/120
400/400 - 7s - loss: 0.1031 - mean_absolute_error: 0.3395 - 7s/epoch - 17ms/step
Epoch 68/120
400/400 - 7s - loss: 0.1028 - mean_absolute_error: 0.3284 - 7s/epoch - 17ms/step
Epoch 69/120
400/400 - 7s - loss: 0.1007 - mean_absolute_error: 0.3333 - 7s/epoch - 17ms/step
Epoch 70/120
400/400 - 7s - loss: 0.0774 - mean_absolute_error: 0.2993 - 7s/epoch - 17ms/step
Epoch 71/120
400/400 - 7s - loss: 0.0872 - mean_absolute_error: 0.3066 - 7s/epoch - 17ms/step
Epoch 72/120
400/400 - 7s - loss: 0.0959 - mean_absolute_error: 0.3131 - 7s/epoch - 17ms/step
Epoch 73/120
400/400 - 7s - loss: 0.0808 - mean_absolute_error: 0.2961 - 7s/epoch - 17ms/step
Epoch 74/120
400/400 - 7s - loss: 0.0718 - mean_absolute_error: 0.2848 - 7s/epoch - 17ms/step
Epoch 75/120
400/400 - 7s - loss: 0.0759 - mean_absolute_error: 0.2851 - 7s/epoch - 17ms/step
Epoch 76/120
400/400 - 7s - loss: 0.0861 - mean_absolute_error: 0.3026 - 7s/epoch - 17ms/step
Epoch 77/120
400/400 - 7s - loss: 0.0710 - mean_absolute_error: 0.2813 - 7s/epoch - 17ms/step
Epoch 78/120
400/400 - 7s - loss: 0.0898 - mean_absolute_error: 0.3100 - 7s/epoch - 17ms/step
Epoch 79/120
400/400 - 7s - loss: 0.0708 - mean_absolute_error: 0.2753 - 7s/epoch - 17ms/step
Epoch 80/120
400/400 - 7s - loss: 0.0673 - mean_absolute_error: 0.2741 - 7s/epoch - 17ms/step
Epoch 81/120
400/400 - 7s - loss: 0.0876 - mean_absolute_error: 0.3059 - 7s/epoch - 17ms/step
Epoch 82/120
400/400 - 7s - loss: 0.0549 - mean_absolute_error: 0.2547 - 7s/epoch - 17ms/step
Epoch 83/120
400/400 - 7s - loss: 0.0633 - mean_absolute_error: 0.2627 - 7s/epoch - 17ms/step
Epoch 84/120
400/400 - 7s - loss: 0.0674 - mean_absolute_error: 0.2752 - 7s/epoch - 17ms/step
Epoch 85/120
400/400 - 7s - loss: 0.0640 - mean_absolute_error: 0.2726 - 7s/epoch - 17ms/step
Epoch 86/120
400/400 - 7s - loss: 0.0617 - mean_absolute_error: 0.2609 - 7s/epoch - 17ms/step
Epoch 87/120
400/400 - 7s - loss: 0.0589 - mean_absolute_error: 0.2596 - 7s/epoch - 17ms/step
Epoch 88/120
400/400 - 7s - loss: 0.0642 - mean_absolute_error: 0.2667 - 7s/epoch - 17ms/step
Epoch 89/120
400/400 - 7s - loss: 0.0648 - mean_absolute_error: 0.2672 - 7s/epoch - 17ms/step
Epoch 90/120
400/400 - 7s - loss: 0.0727 - mean_absolute_error: 0.2778 - 7s/epoch - 17ms/step
Epoch 91/120
400/400 - 7s - loss: 0.0593 - mean_absolute_error: 0.2531 - 7s/epoch - 17ms/step
Epoch 92/120
400/400 - 7s - loss: 0.0601 - mean_absolute_error: 0.2549 - 7s/epoch - 17ms/step
Epoch 93/120
400/400 - 7s - loss: 0.0553 - mean_absolute_error: 0.2467 - 7s/epoch - 17ms/step
Epoch 94/120
400/400 - 7s - loss: 0.0586 - mean_absolute_error: 0.2521 - 7s/epoch - 17ms/step
Epoch 95/120
400/400 - 7s - loss: 0.0562 - mean_absolute_error: 0.2480 - 7s/epoch - 17ms/step
Epoch 96/120
400/400 - 7s - loss: 0.0654 - mean_absolute_error: 0.2649 - 7s/epoch - 17ms/step
Epoch 97/120
400/400 - 7s - loss: 0.0491 - mean_absolute_error: 0.2360 - 7s/epoch - 17ms/step
Epoch 98/120
400/400 - 7s - loss: 0.0616 - mean_absolute_error: 0.2659 - 7s/epoch - 17ms/step
Epoch 99/120
400/400 - 7s - loss: 0.0503 - mean_absolute_error: 0.2402 - 7s/epoch - 17ms/step
Epoch 100/120
400/400 - 7s - loss: 0.0454 - mean_absolute_error: 0.2268 - 7s/epoch - 17ms/step
Epoch 101/120
400/400 - 7s - loss: 0.0513 - mean_absolute_error: 0.2386 - 7s/epoch - 17ms/step
Epoch 102/120
400/400 - 7s - loss: 0.0462 - mean_absolute_error: 0.2260 - 7s/epoch - 17ms/step
Epoch 103/120
400/400 - 7s - loss: 0.0520 - mean_absolute_error: 0.2397 - 7s/epoch - 18ms/step
Epoch 104/120
400/400 - 7s - loss: 0.0688 - mean_absolute_error: 0.2666 - 7s/epoch - 17ms/step
Epoch 105/120
400/400 - 7s - loss: 0.0566 - mean_absolute_error: 0.2428 - 7s/epoch - 17ms/step
Epoch 106/120
400/400 - 7s - loss: 0.0385 - mean_absolute_error: 0.2153 - 7s/epoch - 17ms/step
Epoch 107/120
400/400 - 7s - loss: 0.0461 - mean_absolute_error: 0.2309 - 7s/epoch - 17ms/step
Epoch 108/120
400/400 - 7s - loss: 0.0411 - mean_absolute_error: 0.2171 - 7s/epoch - 18ms/step
Epoch 109/120
400/400 - 7s - loss: 0.0405 - mean_absolute_error: 0.2169 - 7s/epoch - 18ms/step
Epoch 110/120
400/400 - 7s - loss: 0.0463 - mean_absolute_error: 0.2252 - 7s/epoch - 18ms/step
Epoch 111/120
400/400 - 7s - loss: 0.0399 - mean_absolute_error: 0.2113 - 7s/epoch - 18ms/step
Epoch 112/120
400/400 - 7s - loss: 0.0467 - mean_absolute_error: 0.2317 - 7s/epoch - 17ms/step
Epoch 113/120
400/400 - 7s - loss: 0.0454 - mean_absolute_error: 0.2279 - 7s/epoch - 17ms/step
Epoch 114/120
400/400 - 7s - loss: 0.0461 - mean_absolute_error: 0.2256 - 7s/epoch - 17ms/step
Epoch 115/120
400/400 - 7s - loss: 0.0421 - mean_absolute_error: 0.2240 - 7s/epoch - 17ms/step
Epoch 116/120
400/400 - 7s - loss: 0.0458 - mean_absolute_error: 0.2243 - 7s/epoch - 17ms/step
Epoch 117/120
400/400 - 7s - loss: 0.0404 - mean_absolute_error: 0.2127 - 7s/epoch - 17ms/step
Epoch 118/120
400/400 - 7s - loss: 0.0468 - mean_absolute_error: 0.2277 - 7s/epoch - 17ms/step
Epoch 119/120
400/400 - 7s - loss: 0.0368 - mean_absolute_error: 0.2076 - 7s/epoch - 17ms/step
Epoch 120/120
400/400 - 7s - loss: 0.0395 - mean_absolute_error: 0.2116 - 7s/epoch - 18ms/step
#### training coronal ####
Epoch 1/120
400/400 - 11s - loss: 24.0954 - mean_absolute_error: 2.9898 - 11s/epoch - 27ms/step
Epoch 2/120
400/400 - 7s - loss: 5.2030 - mean_absolute_error: 1.8652 - 7s/epoch - 18ms/step
Epoch 3/120
400/400 - 7s - loss: 4.3869 - mean_absolute_error: 1.7189 - 7s/epoch - 17ms/step
Epoch 4/120
400/400 - 7s - loss: 3.7368 - mean_absolute_error: 1.5772 - 7s/epoch - 18ms/step
Epoch 5/120
400/400 - 7s - loss: 3.2125 - mean_absolute_error: 1.4988 - 7s/epoch - 17ms/step
Epoch 6/120
400/400 - 7s - loss: 2.9638 - mean_absolute_error: 1.4443 - 7s/epoch - 18ms/step
Epoch 7/120
400/400 - 7s - loss: 2.7253 - mean_absolute_error: 1.3930 - 7s/epoch - 18ms/step
Epoch 8/120
400/400 - 7s - loss: 2.2485 - mean_absolute_error: 1.3009 - 7s/epoch - 18ms/step
Epoch 9/120
400/400 - 7s - loss: 2.1356 - mean_absolute_error: 1.2710 - 7s/epoch - 17ms/step
Epoch 10/120
400/400 - 7s - loss: 1.9169 - mean_absolute_error: 1.1983 - 7s/epoch - 17ms/step
Epoch 11/120
400/400 - 7s - loss: 1.7925 - mean_absolute_error: 1.1953 - 7s/epoch - 18ms/step
Epoch 12/120
400/400 - 7s - loss: 1.8094 - mean_absolute_error: 1.1867 - 7s/epoch - 17ms/step
Epoch 13/120
400/400 - 7s - loss: 1.5755 - mean_absolute_error: 1.1303 - 7s/epoch - 18ms/step
Epoch 14/120
400/400 - 7s - loss: 1.4886 - mean_absolute_error: 1.1009 - 7s/epoch - 17ms/step
Epoch 15/120
400/400 - 7s - loss: 1.3662 - mean_absolute_error: 1.0742 - 7s/epoch - 17ms/step
Epoch 16/120
400/400 - 7s - loss: 1.3003 - mean_absolute_error: 1.0576 - 7s/epoch - 18ms/step
Epoch 17/120
400/400 - 7s - loss: 1.1168 - mean_absolute_error: 0.9769 - 7s/epoch - 17ms/step
Epoch 18/120
400/400 - 7s - loss: 1.1686 - mean_absolute_error: 1.0088 - 7s/epoch - 17ms/step
Epoch 19/120
400/400 - 7s - loss: 1.0189 - mean_absolute_error: 0.9477 - 7s/epoch - 17ms/step
Epoch 20/120
400/400 - 7s - loss: 1.0233 - mean_absolute_error: 0.9488 - 7s/epoch - 17ms/step
Epoch 21/120
400/400 - 7s - loss: 0.9073 - mean_absolute_error: 0.9061 - 7s/epoch - 17ms/step
Epoch 22/120
400/400 - 7s - loss: 0.9356 - mean_absolute_error: 0.9222 - 7s/epoch - 17ms/step
Epoch 23/120
400/400 - 7s - loss: 0.7001 - mean_absolute_error: 0.8156 - 7s/epoch - 17ms/step
Epoch 24/120
400/400 - 7s - loss: 0.8047 - mean_absolute_error: 0.8564 - 7s/epoch - 17ms/step
Epoch 25/120
400/400 - 7s - loss: 0.7900 - mean_absolute_error: 0.8469 - 7s/epoch - 17ms/step
Epoch 26/120
400/400 - 7s - loss: 0.7071 - mean_absolute_error: 0.8110 - 7s/epoch - 17ms/step
Epoch 27/120
400/400 - 7s - loss: 0.6318 - mean_absolute_error: 0.7708 - 7s/epoch - 17ms/step
Epoch 28/120
400/400 - 7s - loss: 0.5926 - mean_absolute_error: 0.7593 - 7s/epoch - 17ms/step
Epoch 29/120
400/400 - 7s - loss: 0.5968 - mean_absolute_error: 0.7615 - 7s/epoch - 17ms/step
Epoch 30/120
400/400 - 7s - loss: 0.5398 - mean_absolute_error: 0.7378 - 7s/epoch - 17ms/step
Epoch 31/120
400/400 - 7s - loss: 0.5071 - mean_absolute_error: 0.7152 - 7s/epoch - 17ms/step
Epoch 32/120
400/400 - 7s - loss: 0.4582 - mean_absolute_error: 0.6837 - 7s/epoch - 17ms/step
Epoch 33/120
400/400 - 7s - loss: 0.4466 - mean_absolute_error: 0.6735 - 7s/epoch - 17ms/step
Epoch 34/120
400/400 - 7s - loss: 0.4173 - mean_absolute_error: 0.6608 - 7s/epoch - 17ms/step
Epoch 35/120
400/400 - 7s - loss: 0.4243 - mean_absolute_error: 0.6603 - 7s/epoch - 17ms/step
Epoch 36/120
400/400 - 7s - loss: 0.3482 - mean_absolute_error: 0.6156 - 7s/epoch - 17ms/step
Epoch 37/120
400/400 - 7s - loss: 0.3711 - mean_absolute_error: 0.6224 - 7s/epoch - 17ms/step
Epoch 38/120
400/400 - 7s - loss: 0.3814 - mean_absolute_error: 0.6350 - 7s/epoch - 17ms/step
Epoch 39/120
400/400 - 7s - loss: 0.3947 - mean_absolute_error: 0.6286 - 7s/epoch - 17ms/step
Epoch 40/120
400/400 - 7s - loss: 0.3291 - mean_absolute_error: 0.5923 - 7s/epoch - 17ms/step
Epoch 41/120
400/400 - 7s - loss: 0.3279 - mean_absolute_error: 0.5839 - 7s/epoch - 17ms/step
Epoch 42/120
400/400 - 7s - loss: 0.2790 - mean_absolute_error: 0.5682 - 7s/epoch - 17ms/step
Epoch 43/120
400/400 - 7s - loss: 0.3140 - mean_absolute_error: 0.5778 - 7s/epoch - 17ms/step
Epoch 44/120
400/400 - 7s - loss: 0.2684 - mean_absolute_error: 0.5472 - 7s/epoch - 17ms/step
Epoch 45/120
400/400 - 7s - loss: 0.2866 - mean_absolute_error: 0.5634 - 7s/epoch - 17ms/step
Epoch 46/120
400/400 - 7s - loss: 0.2780 - mean_absolute_error: 0.5523 - 7s/epoch - 17ms/step
Epoch 47/120
400/400 - 7s - loss: 0.2488 - mean_absolute_error: 0.5274 - 7s/epoch - 17ms/step
Epoch 48/120
400/400 - 7s - loss: 0.2492 - mean_absolute_error: 0.5204 - 7s/epoch - 17ms/step
Epoch 49/120
400/400 - 7s - loss: 0.2068 - mean_absolute_error: 0.4912 - 7s/epoch - 17ms/step
Epoch 50/120
400/400 - 7s - loss: 0.2231 - mean_absolute_error: 0.4980 - 7s/epoch - 17ms/step
Epoch 51/120
400/400 - 7s - loss: 0.2193 - mean_absolute_error: 0.4921 - 7s/epoch - 17ms/step
Epoch 52/120
400/400 - 7s - loss: 0.2136 - mean_absolute_error: 0.4949 - 7s/epoch - 17ms/step
Epoch 53/120
400/400 - 7s - loss: 0.1955 - mean_absolute_error: 0.4678 - 7s/epoch - 17ms/step
Epoch 54/120
400/400 - 7s - loss: 0.1928 - mean_absolute_error: 0.4730 - 7s/epoch - 17ms/step
Epoch 55/120
400/400 - 7s - loss: 0.1798 - mean_absolute_error: 0.4602 - 7s/epoch - 17ms/step
Epoch 56/120
400/400 - 7s - loss: 0.1824 - mean_absolute_error: 0.4601 - 7s/epoch - 17ms/step
Epoch 57/120
400/400 - 7s - loss: 0.1759 - mean_absolute_error: 0.4459 - 7s/epoch - 17ms/step
Epoch 58/120
400/400 - 7s - loss: 0.1554 - mean_absolute_error: 0.4314 - 7s/epoch - 17ms/step
Epoch 59/120
400/400 - 7s - loss: 0.1697 - mean_absolute_error: 0.4508 - 7s/epoch - 17ms/step
Epoch 60/120
400/400 - 7s - loss: 0.1565 - mean_absolute_error: 0.4283 - 7s/epoch - 17ms/step
Epoch 61/120
400/400 - 7s - loss: 0.1543 - mean_absolute_error: 0.4244 - 7s/epoch - 17ms/step
Epoch 62/120
400/400 - 7s - loss: 0.1561 - mean_absolute_error: 0.4258 - 7s/epoch - 17ms/step
Epoch 63/120
400/400 - 7s - loss: 0.1511 - mean_absolute_error: 0.4146 - 7s/epoch - 17ms/step
Epoch 64/120
400/400 - 7s - loss: 0.1361 - mean_absolute_error: 0.3986 - 7s/epoch - 17ms/step
Epoch 65/120
400/400 - 7s - loss: 0.1555 - mean_absolute_error: 0.4196 - 7s/epoch - 17ms/step
Epoch 66/120
400/400 - 7s - loss: 0.1576 - mean_absolute_error: 0.4328 - 7s/epoch - 17ms/step
Epoch 67/120
400/400 - 7s - loss: 0.1357 - mean_absolute_error: 0.4005 - 7s/epoch - 17ms/step
Epoch 68/120
400/400 - 7s - loss: 0.1262 - mean_absolute_error: 0.3901 - 7s/epoch - 17ms/step
Epoch 69/120
400/400 - 7s - loss: 0.1294 - mean_absolute_error: 0.3925 - 7s/epoch - 17ms/step
Epoch 70/120
400/400 - 7s - loss: 0.1208 - mean_absolute_error: 0.3760 - 7s/epoch - 17ms/step
Epoch 71/120
400/400 - 7s - loss: 0.1294 - mean_absolute_error: 0.3862 - 7s/epoch - 17ms/step
Epoch 72/120
400/400 - 7s - loss: 0.1286 - mean_absolute_error: 0.3850 - 7s/epoch - 17ms/step
Epoch 73/120
400/400 - 7s - loss: 0.1084 - mean_absolute_error: 0.3617 - 7s/epoch - 17ms/step
Epoch 74/120
400/400 - 7s - loss: 0.1046 - mean_absolute_error: 0.3515 - 7s/epoch - 17ms/step
Epoch 75/120
400/400 - 7s - loss: 0.1144 - mean_absolute_error: 0.3696 - 7s/epoch - 17ms/step
Epoch 76/120
400/400 - 7s - loss: 0.1038 - mean_absolute_error: 0.3596 - 7s/epoch - 17ms/step
Epoch 77/120
400/400 - 7s - loss: 0.0990 - mean_absolute_error: 0.3415 - 7s/epoch - 17ms/step
Epoch 78/120
400/400 - 7s - loss: 0.1196 - mean_absolute_error: 0.3691 - 7s/epoch - 17ms/step
Epoch 79/120
400/400 - 7s - loss: 0.1099 - mean_absolute_error: 0.3607 - 7s/epoch - 17ms/step
Epoch 80/120
400/400 - 7s - loss: 0.1075 - mean_absolute_error: 0.3482 - 7s/epoch - 17ms/step
Epoch 81/120
400/400 - 7s - loss: 0.0974 - mean_absolute_error: 0.3391 - 7s/epoch - 17ms/step
Epoch 82/120
400/400 - 7s - loss: 0.0905 - mean_absolute_error: 0.3396 - 7s/epoch - 17ms/step
Epoch 83/120
400/400 - 7s - loss: 0.1013 - mean_absolute_error: 0.3447 - 7s/epoch - 17ms/step
Epoch 84/120
400/400 - 7s - loss: 0.1129 - mean_absolute_error: 0.3523 - 7s/epoch - 17ms/step
Epoch 85/120
400/400 - 7s - loss: 0.0861 - mean_absolute_error: 0.3253 - 7s/epoch - 17ms/step
Epoch 86/120
400/400 - 7s - loss: 0.0838 - mean_absolute_error: 0.3213 - 7s/epoch - 17ms/step
Epoch 87/120
400/400 - 7s - loss: 0.0917 - mean_absolute_error: 0.3233 - 7s/epoch - 17ms/step
Epoch 88/120
400/400 - 7s - loss: 0.1134 - mean_absolute_error: 0.3601 - 7s/epoch - 17ms/step
Epoch 89/120
400/400 - 7s - loss: 0.0902 - mean_absolute_error: 0.3282 - 7s/epoch - 17ms/step
Epoch 90/120
400/400 - 7s - loss: 0.0761 - mean_absolute_error: 0.3106 - 7s/epoch - 17ms/step
Epoch 91/120
400/400 - 7s - loss: 0.0859 - mean_absolute_error: 0.3201 - 7s/epoch - 17ms/step
Epoch 92/120
400/400 - 7s - loss: 0.0865 - mean_absolute_error: 0.3192 - 7s/epoch - 17ms/step
Epoch 93/120
400/400 - 7s - loss: 0.0824 - mean_absolute_error: 0.3169 - 7s/epoch - 17ms/step
Epoch 94/120
400/400 - 7s - loss: 0.0808 - mean_absolute_error: 0.3111 - 7s/epoch - 17ms/step
Epoch 95/120
400/400 - 7s - loss: 0.0727 - mean_absolute_error: 0.3010 - 7s/epoch - 17ms/step
Epoch 96/120
400/400 - 7s - loss: 0.0770 - mean_absolute_error: 0.3067 - 7s/epoch - 17ms/step
Epoch 97/120
400/400 - 7s - loss: 0.0801 - mean_absolute_error: 0.3125 - 7s/epoch - 17ms/step
Epoch 98/120
400/400 - 7s - loss: 0.0681 - mean_absolute_error: 0.2954 - 7s/epoch - 17ms/step
Epoch 99/120
400/400 - 7s - loss: 0.0973 - mean_absolute_error: 0.3276 - 7s/epoch - 17ms/step
Epoch 100/120
400/400 - 7s - loss: 0.0735 - mean_absolute_error: 0.2976 - 7s/epoch - 17ms/step
Epoch 101/120
400/400 - 7s - loss: 0.0714 - mean_absolute_error: 0.2964 - 7s/epoch - 17ms/step
Epoch 102/120
400/400 - 7s - loss: 0.0646 - mean_absolute_error: 0.2865 - 7s/epoch - 17ms/step
Epoch 103/120
400/400 - 7s - loss: 0.0585 - mean_absolute_error: 0.2683 - 7s/epoch - 17ms/step
Epoch 104/120
400/400 - 7s - loss: 0.0811 - mean_absolute_error: 0.3036 - 7s/epoch - 17ms/step
Epoch 105/120
400/400 - 7s - loss: 0.0629 - mean_absolute_error: 0.2758 - 7s/epoch - 17ms/step
Epoch 106/120
400/400 - 7s - loss: 0.0746 - mean_absolute_error: 0.2940 - 7s/epoch - 17ms/step
Epoch 107/120
400/400 - 7s - loss: 0.0683 - mean_absolute_error: 0.2828 - 7s/epoch - 17ms/step
Epoch 108/120
400/400 - 7s - loss: 0.0667 - mean_absolute_error: 0.2912 - 7s/epoch - 17ms/step
Epoch 109/120
400/400 - 7s - loss: 0.0631 - mean_absolute_error: 0.2777 - 7s/epoch - 17ms/step
Epoch 110/120
400/400 - 7s - loss: 0.0634 - mean_absolute_error: 0.2788 - 7s/epoch - 17ms/step
Epoch 111/120
400/400 - 7s - loss: 0.0753 - mean_absolute_error: 0.3014 - 7s/epoch - 17ms/step
Epoch 112/120
400/400 - 7s - loss: 0.0577 - mean_absolute_error: 0.2730 - 7s/epoch - 17ms/step
Epoch 113/120
400/400 - 7s - loss: 0.0580 - mean_absolute_error: 0.2689 - 7s/epoch - 17ms/step
Epoch 114/120
400/400 - 7s - loss: 0.0549 - mean_absolute_error: 0.2644 - 7s/epoch - 17ms/step
Epoch 115/120
400/400 - 7s - loss: 0.0659 - mean_absolute_error: 0.2829 - 7s/epoch - 17ms/step
Epoch 116/120
400/400 - 7s - loss: 0.0642 - mean_absolute_error: 0.2814 - 7s/epoch - 17ms/step
Epoch 117/120
400/400 - 7s - loss: 0.0568 - mean_absolute_error: 0.2684 - 7s/epoch - 17ms/step
Epoch 118/120
400/400 - 7s - loss: 0.0473 - mean_absolute_error: 0.2512 - 7s/epoch - 17ms/step
Epoch 119/120
400/400 - 7s - loss: 0.0549 - mean_absolute_error: 0.2590 - 7s/epoch - 17ms/step
Epoch 120/120
400/400 - 7s - loss: 0.0773 - mean_absolute_error: 0.2982 - 7s/epoch - 17ms/step
training time: 2497.7746913433075
