deep Ensemble learning ResNet slices2D (Whole cohort training)
[33mWARNING:[0m NVIDIA binaries may not be bound with --writable
..data size:(451, 128, 128, 128)
#### training axial ####
Epoch 1/120
400/400 - 14s - loss: 39.1377 - mean_absolute_error: 3.7132 - 14s/epoch - 35ms/step
Epoch 2/120
400/400 - 7s - loss: 3.8599 - mean_absolute_error: 1.5576 - 7s/epoch - 17ms/step
Epoch 3/120
400/400 - 7s - loss: 3.0132 - mean_absolute_error: 1.4213 - 7s/epoch - 17ms/step
Epoch 4/120
400/400 - 7s - loss: 2.2272 - mean_absolute_error: 1.2845 - 7s/epoch - 17ms/step
Epoch 5/120
400/400 - 7s - loss: 1.8453 - mean_absolute_error: 1.1910 - 7s/epoch - 17ms/step
Epoch 6/120
400/400 - 7s - loss: 1.7512 - mean_absolute_error: 1.1484 - 7s/epoch - 17ms/step
Epoch 7/120
400/400 - 7s - loss: 1.4058 - mean_absolute_error: 1.0596 - 7s/epoch - 17ms/step
Epoch 8/120
400/400 - 7s - loss: 1.4369 - mean_absolute_error: 1.0496 - 7s/epoch - 18ms/step
Epoch 9/120
400/400 - 7s - loss: 1.0494 - mean_absolute_error: 0.9586 - 7s/epoch - 17ms/step
Epoch 10/120
400/400 - 7s - loss: 0.9742 - mean_absolute_error: 0.9078 - 7s/epoch - 17ms/step
Epoch 11/120
400/400 - 7s - loss: 0.9186 - mean_absolute_error: 0.8844 - 7s/epoch - 17ms/step
Epoch 12/120
400/400 - 7s - loss: 0.8264 - mean_absolute_error: 0.8463 - 7s/epoch - 17ms/step
Epoch 13/120
400/400 - 7s - loss: 0.9506 - mean_absolute_error: 0.8937 - 7s/epoch - 17ms/step
Epoch 14/120
400/400 - 7s - loss: 0.7883 - mean_absolute_error: 0.8426 - 7s/epoch - 17ms/step
Epoch 15/120
400/400 - 7s - loss: 0.7644 - mean_absolute_error: 0.8392 - 7s/epoch - 17ms/step
Epoch 16/120
400/400 - 7s - loss: 0.9264 - mean_absolute_error: 0.8776 - 7s/epoch - 17ms/step
Epoch 17/120
400/400 - 7s - loss: 0.7605 - mean_absolute_error: 0.8159 - 7s/epoch - 17ms/step
Epoch 18/120
400/400 - 7s - loss: 0.6141 - mean_absolute_error: 0.7450 - 7s/epoch - 17ms/step
Epoch 19/120
400/400 - 7s - loss: 0.6131 - mean_absolute_error: 0.7446 - 7s/epoch - 17ms/step
Epoch 20/120
400/400 - 7s - loss: 0.5191 - mean_absolute_error: 0.7074 - 7s/epoch - 17ms/step
Epoch 21/120
400/400 - 7s - loss: 0.6214 - mean_absolute_error: 0.7540 - 7s/epoch - 17ms/step
Epoch 22/120
400/400 - 7s - loss: 0.5786 - mean_absolute_error: 0.7263 - 7s/epoch - 17ms/step
Epoch 23/120
400/400 - 7s - loss: 0.5908 - mean_absolute_error: 0.7328 - 7s/epoch - 17ms/step
Epoch 24/120
400/400 - 7s - loss: 0.4718 - mean_absolute_error: 0.6747 - 7s/epoch - 17ms/step
Epoch 25/120
400/400 - 7s - loss: 0.4471 - mean_absolute_error: 0.6554 - 7s/epoch - 17ms/step
Epoch 26/120
400/400 - 7s - loss: 0.4126 - mean_absolute_error: 0.6437 - 7s/epoch - 17ms/step
Epoch 27/120
400/400 - 7s - loss: 0.4456 - mean_absolute_error: 0.6512 - 7s/epoch - 17ms/step
Epoch 28/120
400/400 - 7s - loss: 0.4510 - mean_absolute_error: 0.6575 - 7s/epoch - 17ms/step
Epoch 29/120
400/400 - 7s - loss: 0.3418 - mean_absolute_error: 0.5895 - 7s/epoch - 17ms/step
Epoch 30/120
400/400 - 7s - loss: 0.3932 - mean_absolute_error: 0.6064 - 7s/epoch - 17ms/step
Epoch 31/120
400/400 - 7s - loss: 0.3604 - mean_absolute_error: 0.5958 - 7s/epoch - 17ms/step
Epoch 32/120
400/400 - 7s - loss: 0.2849 - mean_absolute_error: 0.5503 - 7s/epoch - 17ms/step
Epoch 33/120
400/400 - 7s - loss: 0.2732 - mean_absolute_error: 0.5214 - 7s/epoch - 17ms/step
Epoch 34/120
400/400 - 7s - loss: 0.2805 - mean_absolute_error: 0.5371 - 7s/epoch - 17ms/step
Epoch 35/120
400/400 - 7s - loss: 0.2266 - mean_absolute_error: 0.4903 - 7s/epoch - 17ms/step
Epoch 36/120
400/400 - 7s - loss: 0.2485 - mean_absolute_error: 0.5114 - 7s/epoch - 17ms/step
Epoch 37/120
400/400 - 7s - loss: 0.2501 - mean_absolute_error: 0.5154 - 7s/epoch - 17ms/step
Epoch 38/120
400/400 - 7s - loss: 0.2837 - mean_absolute_error: 0.5375 - 7s/epoch - 17ms/step
Epoch 39/120
400/400 - 7s - loss: 0.2606 - mean_absolute_error: 0.5067 - 7s/epoch - 17ms/step
Epoch 40/120
400/400 - 7s - loss: 0.2141 - mean_absolute_error: 0.4728 - 7s/epoch - 17ms/step
Epoch 41/120
400/400 - 7s - loss: 0.2382 - mean_absolute_error: 0.4949 - 7s/epoch - 17ms/step
Epoch 42/120
400/400 - 7s - loss: 0.2360 - mean_absolute_error: 0.4901 - 7s/epoch - 17ms/step
Epoch 43/120
400/400 - 7s - loss: 0.2101 - mean_absolute_error: 0.4683 - 7s/epoch - 17ms/step
Epoch 44/120
400/400 - 7s - loss: 0.1685 - mean_absolute_error: 0.4252 - 7s/epoch - 17ms/step
Epoch 45/120
400/400 - 7s - loss: 0.1627 - mean_absolute_error: 0.4293 - 7s/epoch - 17ms/step
Epoch 46/120
400/400 - 7s - loss: 0.1698 - mean_absolute_error: 0.4266 - 7s/epoch - 17ms/step
Epoch 47/120
400/400 - 7s - loss: 0.1582 - mean_absolute_error: 0.4203 - 7s/epoch - 17ms/step
Epoch 48/120
400/400 - 7s - loss: 0.1949 - mean_absolute_error: 0.4538 - 7s/epoch - 17ms/step
Epoch 49/120
400/400 - 7s - loss: 0.1703 - mean_absolute_error: 0.4282 - 7s/epoch - 17ms/step
Epoch 50/120
400/400 - 7s - loss: 0.1587 - mean_absolute_error: 0.4153 - 7s/epoch - 17ms/step
Epoch 51/120
400/400 - 7s - loss: 0.1394 - mean_absolute_error: 0.3921 - 7s/epoch - 17ms/step
Epoch 52/120
400/400 - 7s - loss: 0.1657 - mean_absolute_error: 0.4176 - 7s/epoch - 17ms/step
Epoch 53/120
400/400 - 7s - loss: 0.1351 - mean_absolute_error: 0.3915 - 7s/epoch - 17ms/step
Epoch 54/120
400/400 - 7s - loss: 0.1247 - mean_absolute_error: 0.3696 - 7s/epoch - 17ms/step
Epoch 55/120
400/400 - 7s - loss: 0.1237 - mean_absolute_error: 0.3745 - 7s/epoch - 17ms/step
Epoch 56/120
400/400 - 7s - loss: 0.1228 - mean_absolute_error: 0.3672 - 7s/epoch - 17ms/step
Epoch 57/120
400/400 - 7s - loss: 0.1459 - mean_absolute_error: 0.3958 - 7s/epoch - 17ms/step
Epoch 58/120
400/400 - 7s - loss: 0.1086 - mean_absolute_error: 0.3506 - 7s/epoch - 17ms/step
Epoch 59/120
400/400 - 7s - loss: 0.1149 - mean_absolute_error: 0.3685 - 7s/epoch - 17ms/step
Epoch 60/120
400/400 - 7s - loss: 0.1211 - mean_absolute_error: 0.3616 - 7s/epoch - 17ms/step
Epoch 61/120
400/400 - 7s - loss: 0.1121 - mean_absolute_error: 0.3531 - 7s/epoch - 17ms/step
Epoch 62/120
400/400 - 7s - loss: 0.0984 - mean_absolute_error: 0.3364 - 7s/epoch - 17ms/step
Epoch 63/120
400/400 - 7s - loss: 0.0990 - mean_absolute_error: 0.3363 - 7s/epoch - 17ms/step
Epoch 64/120
400/400 - 7s - loss: 0.1127 - mean_absolute_error: 0.3560 - 7s/epoch - 17ms/step
Epoch 65/120
400/400 - 7s - loss: 0.1011 - mean_absolute_error: 0.3442 - 7s/epoch - 17ms/step
Epoch 66/120
400/400 - 7s - loss: 0.0981 - mean_absolute_error: 0.3393 - 7s/epoch - 17ms/step
Epoch 67/120
400/400 - 7s - loss: 0.1024 - mean_absolute_error: 0.3433 - 7s/epoch - 17ms/step
Epoch 68/120
400/400 - 7s - loss: 0.0962 - mean_absolute_error: 0.3308 - 7s/epoch - 17ms/step
Epoch 69/120
400/400 - 7s - loss: 0.0913 - mean_absolute_error: 0.3185 - 7s/epoch - 17ms/step
Epoch 70/120
400/400 - 7s - loss: 0.0919 - mean_absolute_error: 0.3277 - 7s/epoch - 17ms/step
Epoch 71/120
400/400 - 7s - loss: 0.0833 - mean_absolute_error: 0.3180 - 7s/epoch - 17ms/step
Epoch 72/120
400/400 - 7s - loss: 0.0905 - mean_absolute_error: 0.3219 - 7s/epoch - 17ms/step
Epoch 73/120
400/400 - 7s - loss: 0.0906 - mean_absolute_error: 0.3229 - 7s/epoch - 17ms/step
Epoch 74/120
400/400 - 7s - loss: 0.0795 - mean_absolute_error: 0.3094 - 7s/epoch - 17ms/step
Epoch 75/120
400/400 - 7s - loss: 0.0780 - mean_absolute_error: 0.3017 - 7s/epoch - 17ms/step
Epoch 76/120
400/400 - 7s - loss: 0.0776 - mean_absolute_error: 0.2997 - 7s/epoch - 17ms/step
Epoch 77/120
400/400 - 7s - loss: 0.0697 - mean_absolute_error: 0.2877 - 7s/epoch - 17ms/step
Epoch 78/120
400/400 - 7s - loss: 0.0792 - mean_absolute_error: 0.2960 - 7s/epoch - 17ms/step
Epoch 79/120
400/400 - 7s - loss: 0.0592 - mean_absolute_error: 0.2736 - 7s/epoch - 17ms/step
Epoch 80/120
400/400 - 7s - loss: 0.0700 - mean_absolute_error: 0.2883 - 7s/epoch - 17ms/step
Epoch 81/120
400/400 - 7s - loss: 0.0775 - mean_absolute_error: 0.2921 - 7s/epoch - 17ms/step
Epoch 82/120
400/400 - 7s - loss: 0.0709 - mean_absolute_error: 0.2847 - 7s/epoch - 17ms/step
Epoch 83/120
400/400 - 7s - loss: 0.0762 - mean_absolute_error: 0.2960 - 7s/epoch - 17ms/step
Epoch 84/120
400/400 - 7s - loss: 0.0687 - mean_absolute_error: 0.2831 - 7s/epoch - 17ms/step
Epoch 85/120
400/400 - 7s - loss: 0.0589 - mean_absolute_error: 0.2647 - 7s/epoch - 17ms/step
Epoch 86/120
400/400 - 7s - loss: 0.0605 - mean_absolute_error: 0.2714 - 7s/epoch - 17ms/step
Epoch 87/120
400/400 - 7s - loss: 0.0581 - mean_absolute_error: 0.2622 - 7s/epoch - 17ms/step
Epoch 88/120
400/400 - 7s - loss: 0.0677 - mean_absolute_error: 0.2775 - 7s/epoch - 17ms/step
Epoch 89/120
400/400 - 7s - loss: 0.0611 - mean_absolute_error: 0.2709 - 7s/epoch - 17ms/step
Epoch 90/120
400/400 - 7s - loss: 0.0640 - mean_absolute_error: 0.2714 - 7s/epoch - 17ms/step
Epoch 91/120
400/400 - 7s - loss: 0.0545 - mean_absolute_error: 0.2580 - 7s/epoch - 17ms/step
Epoch 92/120
400/400 - 7s - loss: 0.0631 - mean_absolute_error: 0.2741 - 7s/epoch - 17ms/step
Epoch 93/120
400/400 - 7s - loss: 0.0477 - mean_absolute_error: 0.2447 - 7s/epoch - 17ms/step
Epoch 94/120
400/400 - 7s - loss: 0.0534 - mean_absolute_error: 0.2569 - 7s/epoch - 17ms/step
Epoch 95/120
400/400 - 7s - loss: 0.0661 - mean_absolute_error: 0.2735 - 7s/epoch - 17ms/step
Epoch 96/120
400/400 - 7s - loss: 0.0519 - mean_absolute_error: 0.2531 - 7s/epoch - 17ms/step
Epoch 97/120
400/400 - 7s - loss: 0.0642 - mean_absolute_error: 0.2681 - 7s/epoch - 17ms/step
Epoch 98/120
400/400 - 7s - loss: 0.0522 - mean_absolute_error: 0.2500 - 7s/epoch - 17ms/step
Epoch 99/120
400/400 - 7s - loss: 0.0526 - mean_absolute_error: 0.2541 - 7s/epoch - 17ms/step
Epoch 100/120
400/400 - 7s - loss: 0.0576 - mean_absolute_error: 0.2592 - 7s/epoch - 17ms/step
Epoch 101/120
400/400 - 7s - loss: 0.0552 - mean_absolute_error: 0.2554 - 7s/epoch - 17ms/step
Epoch 102/120
400/400 - 7s - loss: 0.0497 - mean_absolute_error: 0.2413 - 7s/epoch - 17ms/step
Epoch 103/120
400/400 - 7s - loss: 0.0479 - mean_absolute_error: 0.2440 - 7s/epoch - 17ms/step
Epoch 104/120
400/400 - 7s - loss: 0.0494 - mean_absolute_error: 0.2420 - 7s/epoch - 17ms/step
Epoch 105/120
400/400 - 7s - loss: 0.0426 - mean_absolute_error: 0.2322 - 7s/epoch - 17ms/step
Epoch 106/120
400/400 - 7s - loss: 0.0510 - mean_absolute_error: 0.2436 - 7s/epoch - 17ms/step
Epoch 107/120
400/400 - 7s - loss: 0.0425 - mean_absolute_error: 0.2265 - 7s/epoch - 17ms/step
Epoch 108/120
400/400 - 7s - loss: 0.0488 - mean_absolute_error: 0.2428 - 7s/epoch - 17ms/step
Epoch 109/120
400/400 - 7s - loss: 0.0421 - mean_absolute_error: 0.2266 - 7s/epoch - 17ms/step
Epoch 110/120
400/400 - 7s - loss: 0.0368 - mean_absolute_error: 0.2138 - 7s/epoch - 17ms/step
Epoch 111/120
400/400 - 7s - loss: 0.0411 - mean_absolute_error: 0.2169 - 7s/epoch - 17ms/step
Epoch 112/120
400/400 - 7s - loss: 0.0493 - mean_absolute_error: 0.2414 - 7s/epoch - 17ms/step
Epoch 113/120
400/400 - 7s - loss: 0.0361 - mean_absolute_error: 0.2172 - 7s/epoch - 17ms/step
Epoch 114/120
400/400 - 7s - loss: 0.0424 - mean_absolute_error: 0.2296 - 7s/epoch - 17ms/step
Epoch 115/120
400/400 - 7s - loss: 0.0405 - mean_absolute_error: 0.2289 - 7s/epoch - 17ms/step
Epoch 116/120
400/400 - 7s - loss: 0.0397 - mean_absolute_error: 0.2237 - 7s/epoch - 17ms/step
Epoch 117/120
400/400 - 7s - loss: 0.0400 - mean_absolute_error: 0.2177 - 7s/epoch - 17ms/step
Epoch 118/120
400/400 - 7s - loss: 0.0477 - mean_absolute_error: 0.2325 - 7s/epoch - 17ms/step
Epoch 119/120
400/400 - 7s - loss: 0.0398 - mean_absolute_error: 0.2186 - 7s/epoch - 17ms/step
Epoch 120/120
400/400 - 7s - loss: 0.0353 - mean_absolute_error: 0.2084 - 7s/epoch - 17ms/step
#### training sagittal ####
Epoch 1/120
400/400 - 11s - loss: 33.5792 - mean_absolute_error: 3.5888 - 11s/epoch - 26ms/step
Epoch 2/120
400/400 - 7s - loss: 4.8982 - mean_absolute_error: 1.7582 - 7s/epoch - 17ms/step
Epoch 3/120
400/400 - 7s - loss: 4.1531 - mean_absolute_error: 1.6270 - 7s/epoch - 17ms/step
Epoch 4/120
400/400 - 7s - loss: 3.6685 - mean_absolute_error: 1.5557 - 7s/epoch - 17ms/step
Epoch 5/120
400/400 - 7s - loss: 3.2585 - mean_absolute_error: 1.4767 - 7s/epoch - 17ms/step
Epoch 6/120
400/400 - 7s - loss: 3.2119 - mean_absolute_error: 1.5055 - 7s/epoch - 17ms/step
Epoch 7/120
400/400 - 7s - loss: 2.4681 - mean_absolute_error: 1.3428 - 7s/epoch - 17ms/step
Epoch 8/120
400/400 - 7s - loss: 2.6735 - mean_absolute_error: 1.3814 - 7s/epoch - 17ms/step
Epoch 9/120
400/400 - 7s - loss: 2.2839 - mean_absolute_error: 1.3063 - 7s/epoch - 17ms/step
Epoch 10/120
400/400 - 7s - loss: 1.9660 - mean_absolute_error: 1.2407 - 7s/epoch - 17ms/step
Epoch 11/120
400/400 - 7s - loss: 1.8138 - mean_absolute_error: 1.1967 - 7s/epoch - 18ms/step
Epoch 12/120
400/400 - 7s - loss: 1.4631 - mean_absolute_error: 1.0790 - 7s/epoch - 17ms/step
Epoch 13/120
400/400 - 7s - loss: 1.3865 - mean_absolute_error: 1.0630 - 7s/epoch - 17ms/step
Epoch 14/120
400/400 - 7s - loss: 1.3169 - mean_absolute_error: 1.0274 - 7s/epoch - 17ms/step
Epoch 15/120
400/400 - 7s - loss: 1.1364 - mean_absolute_error: 0.9763 - 7s/epoch - 17ms/step
Epoch 16/120
400/400 - 7s - loss: 1.0916 - mean_absolute_error: 0.9452 - 7s/epoch - 17ms/step
Epoch 17/120
400/400 - 7s - loss: 0.9557 - mean_absolute_error: 0.8982 - 7s/epoch - 17ms/step
Epoch 18/120
400/400 - 7s - loss: 0.8929 - mean_absolute_error: 0.8692 - 7s/epoch - 17ms/step
Epoch 19/120
400/400 - 7s - loss: 0.8491 - mean_absolute_error: 0.8492 - 7s/epoch - 17ms/step
Epoch 20/120
400/400 - 7s - loss: 0.7081 - mean_absolute_error: 0.7967 - 7s/epoch - 17ms/step
Epoch 21/120
400/400 - 7s - loss: 0.6534 - mean_absolute_error: 0.7783 - 7s/epoch - 17ms/step
Epoch 22/120
400/400 - 7s - loss: 0.6795 - mean_absolute_error: 0.7735 - 7s/epoch - 17ms/step
Epoch 23/120
400/400 - 7s - loss: 0.5631 - mean_absolute_error: 0.7304 - 7s/epoch - 17ms/step
Epoch 24/120
400/400 - 7s - loss: 0.6068 - mean_absolute_error: 0.7381 - 7s/epoch - 17ms/step
Epoch 25/120
400/400 - 7s - loss: 0.5793 - mean_absolute_error: 0.7207 - 7s/epoch - 17ms/step
Epoch 26/120
400/400 - 7s - loss: 0.4848 - mean_absolute_error: 0.6630 - 7s/epoch - 17ms/step
Epoch 27/120
400/400 - 7s - loss: 0.4511 - mean_absolute_error: 0.6458 - 7s/epoch - 17ms/step
Epoch 28/120
400/400 - 7s - loss: 0.4830 - mean_absolute_error: 0.6563 - 7s/epoch - 17ms/step
Epoch 29/120
400/400 - 7s - loss: 0.4657 - mean_absolute_error: 0.6614 - 7s/epoch - 17ms/step
Epoch 30/120
400/400 - 7s - loss: 0.3636 - mean_absolute_error: 0.5926 - 7s/epoch - 17ms/step
Epoch 31/120
400/400 - 7s - loss: 0.3674 - mean_absolute_error: 0.6072 - 7s/epoch - 17ms/step
Epoch 32/120
400/400 - 7s - loss: 0.3234 - mean_absolute_error: 0.5648 - 7s/epoch - 17ms/step
Epoch 33/120
400/400 - 7s - loss: 0.2940 - mean_absolute_error: 0.5429 - 7s/epoch - 17ms/step
Epoch 34/120
400/400 - 7s - loss: 0.3296 - mean_absolute_error: 0.5686 - 7s/epoch - 17ms/step
Epoch 35/120
400/400 - 7s - loss: 0.3039 - mean_absolute_error: 0.5429 - 7s/epoch - 17ms/step
Epoch 36/120
400/400 - 7s - loss: 0.3186 - mean_absolute_error: 0.5500 - 7s/epoch - 17ms/step
Epoch 37/120
400/400 - 7s - loss: 0.2832 - mean_absolute_error: 0.5316 - 7s/epoch - 17ms/step
Epoch 38/120
400/400 - 7s - loss: 0.2181 - mean_absolute_error: 0.4817 - 7s/epoch - 17ms/step
Epoch 39/120
400/400 - 7s - loss: 0.2486 - mean_absolute_error: 0.5010 - 7s/epoch - 17ms/step
Epoch 40/120
400/400 - 7s - loss: 0.2322 - mean_absolute_error: 0.4829 - 7s/epoch - 17ms/step
Epoch 41/120
400/400 - 7s - loss: 0.2140 - mean_absolute_error: 0.4687 - 7s/epoch - 17ms/step
Epoch 42/120
400/400 - 7s - loss: 0.1959 - mean_absolute_error: 0.4525 - 7s/epoch - 17ms/step
Epoch 43/120
400/400 - 7s - loss: 0.2049 - mean_absolute_error: 0.4593 - 7s/epoch - 17ms/step
Epoch 44/120
400/400 - 7s - loss: 0.1807 - mean_absolute_error: 0.4349 - 7s/epoch - 17ms/step
Epoch 45/120
400/400 - 7s - loss: 0.1695 - mean_absolute_error: 0.4195 - 7s/epoch - 17ms/step
Epoch 46/120
400/400 - 7s - loss: 0.1514 - mean_absolute_error: 0.4116 - 7s/epoch - 17ms/step
Epoch 47/120
400/400 - 7s - loss: 0.1627 - mean_absolute_error: 0.4167 - 7s/epoch - 17ms/step
Epoch 48/120
400/400 - 7s - loss: 0.1795 - mean_absolute_error: 0.4306 - 7s/epoch - 17ms/step
Epoch 49/120
400/400 - 7s - loss: 0.1417 - mean_absolute_error: 0.3877 - 7s/epoch - 17ms/step
Epoch 50/120
400/400 - 7s - loss: 0.1663 - mean_absolute_error: 0.4160 - 7s/epoch - 17ms/step
Epoch 51/120
400/400 - 7s - loss: 0.1251 - mean_absolute_error: 0.3678 - 7s/epoch - 17ms/step
Epoch 52/120
400/400 - 7s - loss: 0.1208 - mean_absolute_error: 0.3600 - 7s/epoch - 18ms/step
Epoch 53/120
400/400 - 7s - loss: 0.1271 - mean_absolute_error: 0.3715 - 7s/epoch - 17ms/step
Epoch 54/120
400/400 - 7s - loss: 0.1290 - mean_absolute_error: 0.3755 - 7s/epoch - 17ms/step
Epoch 55/120
400/400 - 7s - loss: 0.1127 - mean_absolute_error: 0.3510 - 7s/epoch - 17ms/step
Epoch 56/120
400/400 - 7s - loss: 0.1092 - mean_absolute_error: 0.3536 - 7s/epoch - 17ms/step
Epoch 57/120
400/400 - 7s - loss: 0.1299 - mean_absolute_error: 0.3715 - 7s/epoch - 17ms/step
Epoch 58/120
400/400 - 7s - loss: 0.1362 - mean_absolute_error: 0.3788 - 7s/epoch - 17ms/step
Epoch 59/120
400/400 - 7s - loss: 0.1180 - mean_absolute_error: 0.3548 - 7s/epoch - 17ms/step
Epoch 60/120
400/400 - 7s - loss: 0.0806 - mean_absolute_error: 0.3093 - 7s/epoch - 17ms/step
Epoch 61/120
400/400 - 7s - loss: 0.0972 - mean_absolute_error: 0.3255 - 7s/epoch - 17ms/step
Epoch 62/120
400/400 - 7s - loss: 0.1002 - mean_absolute_error: 0.3339 - 7s/epoch - 17ms/step
Epoch 63/120
400/400 - 7s - loss: 0.1139 - mean_absolute_error: 0.3471 - 7s/epoch - 17ms/step
Epoch 64/120
400/400 - 7s - loss: 0.1003 - mean_absolute_error: 0.3265 - 7s/epoch - 17ms/step
Epoch 65/120
400/400 - 7s - loss: 0.0774 - mean_absolute_error: 0.2979 - 7s/epoch - 17ms/step
Epoch 66/120
400/400 - 7s - loss: 0.0897 - mean_absolute_error: 0.3141 - 7s/epoch - 17ms/step
Epoch 67/120
400/400 - 7s - loss: 0.0911 - mean_absolute_error: 0.3187 - 7s/epoch - 17ms/step
Epoch 68/120
400/400 - 7s - loss: 0.0797 - mean_absolute_error: 0.2980 - 7s/epoch - 17ms/step
Epoch 69/120
400/400 - 7s - loss: 0.0760 - mean_absolute_error: 0.2858 - 7s/epoch - 17ms/step
Epoch 70/120
400/400 - 7s - loss: 0.1011 - mean_absolute_error: 0.3294 - 7s/epoch - 17ms/step
Epoch 71/120
400/400 - 7s - loss: 0.0729 - mean_absolute_error: 0.2916 - 7s/epoch - 17ms/step
Epoch 72/120
400/400 - 7s - loss: 0.0704 - mean_absolute_error: 0.2831 - 7s/epoch - 17ms/step
Epoch 73/120
400/400 - 7s - loss: 0.0634 - mean_absolute_error: 0.2762 - 7s/epoch - 17ms/step
Epoch 74/120
400/400 - 7s - loss: 0.0788 - mean_absolute_error: 0.2944 - 7s/epoch - 17ms/step
Epoch 75/120
400/400 - 7s - loss: 0.0643 - mean_absolute_error: 0.2726 - 7s/epoch - 17ms/step
Epoch 76/120
400/400 - 7s - loss: 0.0736 - mean_absolute_error: 0.2870 - 7s/epoch - 17ms/step
Epoch 77/120
400/400 - 7s - loss: 0.0625 - mean_absolute_error: 0.2733 - 7s/epoch - 17ms/step
Epoch 78/120
400/400 - 7s - loss: 0.0517 - mean_absolute_error: 0.2524 - 7s/epoch - 17ms/step
Epoch 79/120
400/400 - 7s - loss: 0.0549 - mean_absolute_error: 0.2546 - 7s/epoch - 17ms/step
Epoch 80/120
400/400 - 7s - loss: 0.0699 - mean_absolute_error: 0.2824 - 7s/epoch - 17ms/step
Epoch 81/120
400/400 - 7s - loss: 0.0627 - mean_absolute_error: 0.2658 - 7s/epoch - 17ms/step
Epoch 82/120
400/400 - 7s - loss: 0.0746 - mean_absolute_error: 0.2903 - 7s/epoch - 17ms/step
Epoch 83/120
400/400 - 7s - loss: 0.0559 - mean_absolute_error: 0.2609 - 7s/epoch - 17ms/step
Epoch 84/120
400/400 - 7s - loss: 0.0527 - mean_absolute_error: 0.2506 - 7s/epoch - 17ms/step
Epoch 85/120
400/400 - 7s - loss: 0.0613 - mean_absolute_error: 0.2546 - 7s/epoch - 17ms/step
Epoch 86/120
400/400 - 7s - loss: 0.0512 - mean_absolute_error: 0.2442 - 7s/epoch - 17ms/step
Epoch 87/120
400/400 - 7s - loss: 0.0504 - mean_absolute_error: 0.2428 - 7s/epoch - 17ms/step
Epoch 88/120
400/400 - 7s - loss: 0.0432 - mean_absolute_error: 0.2296 - 7s/epoch - 17ms/step
Epoch 89/120
400/400 - 7s - loss: 0.0472 - mean_absolute_error: 0.2374 - 7s/epoch - 17ms/step
Epoch 90/120
400/400 - 7s - loss: 0.0450 - mean_absolute_error: 0.2322 - 7s/epoch - 17ms/step
Epoch 91/120
400/400 - 7s - loss: 0.0465 - mean_absolute_error: 0.2306 - 7s/epoch - 17ms/step
Epoch 92/120
400/400 - 7s - loss: 0.0492 - mean_absolute_error: 0.2381 - 7s/epoch - 17ms/step
Epoch 93/120
400/400 - 7s - loss: 0.0704 - mean_absolute_error: 0.2756 - 7s/epoch - 17ms/step
Epoch 94/120
400/400 - 7s - loss: 0.0420 - mean_absolute_error: 0.2271 - 7s/epoch - 17ms/step
Epoch 95/120
400/400 - 7s - loss: 0.0461 - mean_absolute_error: 0.2328 - 7s/epoch - 17ms/step
Epoch 96/120
400/400 - 7s - loss: 0.0497 - mean_absolute_error: 0.2415 - 7s/epoch - 17ms/step
Epoch 97/120
400/400 - 7s - loss: 0.0470 - mean_absolute_error: 0.2362 - 7s/epoch - 17ms/step
Epoch 98/120
400/400 - 7s - loss: 0.0403 - mean_absolute_error: 0.2178 - 7s/epoch - 17ms/step
Epoch 99/120
400/400 - 7s - loss: 0.0408 - mean_absolute_error: 0.2169 - 7s/epoch - 17ms/step
Epoch 100/120
400/400 - 7s - loss: 0.0389 - mean_absolute_error: 0.2172 - 7s/epoch - 17ms/step
Epoch 101/120
400/400 - 7s - loss: 0.0371 - mean_absolute_error: 0.2103 - 7s/epoch - 17ms/step
Epoch 102/120
400/400 - 7s - loss: 0.0461 - mean_absolute_error: 0.2195 - 7s/epoch - 17ms/step
Epoch 103/120
400/400 - 7s - loss: 0.1005 - mean_absolute_error: 0.3034 - 7s/epoch - 17ms/step
Epoch 104/120
400/400 - 7s - loss: 0.0321 - mean_absolute_error: 0.2028 - 7s/epoch - 17ms/step
Epoch 105/120
400/400 - 7s - loss: 0.0696 - mean_absolute_error: 0.2555 - 7s/epoch - 17ms/step
Epoch 106/120
400/400 - 7s - loss: 0.0435 - mean_absolute_error: 0.2311 - 7s/epoch - 17ms/step
Epoch 107/120
400/400 - 7s - loss: 0.0295 - mean_absolute_error: 0.1920 - 7s/epoch - 17ms/step
Epoch 108/120
400/400 - 7s - loss: 0.0233 - mean_absolute_error: 0.1787 - 7s/epoch - 17ms/step
Epoch 109/120
400/400 - 7s - loss: 0.0310 - mean_absolute_error: 0.1930 - 7s/epoch - 17ms/step
Epoch 110/120
400/400 - 7s - loss: 0.0335 - mean_absolute_error: 0.1999 - 7s/epoch - 17ms/step
Epoch 111/120
400/400 - 7s - loss: 0.0319 - mean_absolute_error: 0.1950 - 7s/epoch - 17ms/step
Epoch 112/120
400/400 - 7s - loss: 0.0315 - mean_absolute_error: 0.1950 - 7s/epoch - 17ms/step
Epoch 113/120
400/400 - 7s - loss: 0.0328 - mean_absolute_error: 0.1982 - 7s/epoch - 17ms/step
Epoch 114/120
400/400 - 7s - loss: 0.0414 - mean_absolute_error: 0.2162 - 7s/epoch - 17ms/step
Epoch 115/120
400/400 - 7s - loss: 0.0323 - mean_absolute_error: 0.1992 - 7s/epoch - 17ms/step
Epoch 116/120
400/400 - 7s - loss: 0.0366 - mean_absolute_error: 0.2068 - 7s/epoch - 17ms/step
Epoch 117/120
400/400 - 7s - loss: 0.0322 - mean_absolute_error: 0.1964 - 7s/epoch - 17ms/step
Epoch 118/120
400/400 - 7s - loss: 0.0306 - mean_absolute_error: 0.1958 - 7s/epoch - 17ms/step
Epoch 119/120
400/400 - 7s - loss: 0.0337 - mean_absolute_error: 0.1951 - 7s/epoch - 17ms/step
Epoch 120/120
400/400 - 7s - loss: 0.0293 - mean_absolute_error: 0.1925 - 7s/epoch - 17ms/step
#### training coronal ####
Epoch 1/120
400/400 - 10s - loss: 25.1813 - mean_absolute_error: 2.9357 - 10s/epoch - 26ms/step
Epoch 2/120
400/400 - 7s - loss: 4.4024 - mean_absolute_error: 1.7148 - 7s/epoch - 17ms/step
Epoch 3/120
400/400 - 7s - loss: 3.9167 - mean_absolute_error: 1.5912 - 7s/epoch - 17ms/step
Epoch 4/120
400/400 - 7s - loss: 3.5117 - mean_absolute_error: 1.5567 - 7s/epoch - 17ms/step
Epoch 5/120
400/400 - 7s - loss: 3.0994 - mean_absolute_error: 1.4709 - 7s/epoch - 17ms/step
Epoch 6/120
400/400 - 7s - loss: 2.7656 - mean_absolute_error: 1.4180 - 7s/epoch - 17ms/step
Epoch 7/120
400/400 - 7s - loss: 2.5197 - mean_absolute_error: 1.3572 - 7s/epoch - 17ms/step
Epoch 8/120
400/400 - 7s - loss: 2.3676 - mean_absolute_error: 1.3276 - 7s/epoch - 17ms/step
Epoch 9/120
400/400 - 7s - loss: 2.1631 - mean_absolute_error: 1.2628 - 7s/epoch - 17ms/step
Epoch 10/120
400/400 - 7s - loss: 2.0154 - mean_absolute_error: 1.2316 - 7s/epoch - 17ms/step
Epoch 11/120
400/400 - 7s - loss: 1.8881 - mean_absolute_error: 1.2033 - 7s/epoch - 17ms/step
Epoch 12/120
400/400 - 7s - loss: 1.6373 - mean_absolute_error: 1.1405 - 7s/epoch - 17ms/step
Epoch 13/120
400/400 - 7s - loss: 1.4329 - mean_absolute_error: 1.0825 - 7s/epoch - 17ms/step
Epoch 14/120
400/400 - 7s - loss: 1.5955 - mean_absolute_error: 1.1229 - 7s/epoch - 17ms/step
Epoch 15/120
400/400 - 7s - loss: 1.3207 - mean_absolute_error: 1.0422 - 7s/epoch - 17ms/step
Epoch 16/120
400/400 - 7s - loss: 1.2860 - mean_absolute_error: 1.0324 - 7s/epoch - 17ms/step
Epoch 17/120
400/400 - 7s - loss: 1.2382 - mean_absolute_error: 1.0264 - 7s/epoch - 17ms/step
Epoch 18/120
400/400 - 7s - loss: 1.1471 - mean_absolute_error: 0.9890 - 7s/epoch - 17ms/step
Epoch 19/120
400/400 - 7s - loss: 1.0855 - mean_absolute_error: 0.9759 - 7s/epoch - 17ms/step
Epoch 20/120
400/400 - 7s - loss: 1.1153 - mean_absolute_error: 0.9806 - 7s/epoch - 17ms/step
Epoch 21/120
400/400 - 7s - loss: 0.9455 - mean_absolute_error: 0.9148 - 7s/epoch - 17ms/step
Epoch 22/120
400/400 - 7s - loss: 1.0152 - mean_absolute_error: 0.9410 - 7s/epoch - 17ms/step
Epoch 23/120
400/400 - 7s - loss: 0.8057 - mean_absolute_error: 0.8733 - 7s/epoch - 17ms/step
Epoch 24/120
400/400 - 7s - loss: 0.8712 - mean_absolute_error: 0.8856 - 7s/epoch - 17ms/step
Epoch 25/120
400/400 - 7s - loss: 0.8779 - mean_absolute_error: 0.8794 - 7s/epoch - 17ms/step
Epoch 26/120
400/400 - 7s - loss: 0.6968 - mean_absolute_error: 0.8187 - 7s/epoch - 17ms/step
Epoch 27/120
400/400 - 7s - loss: 0.6456 - mean_absolute_error: 0.7842 - 7s/epoch - 17ms/step
Epoch 28/120
400/400 - 7s - loss: 0.6464 - mean_absolute_error: 0.7708 - 7s/epoch - 17ms/step
Epoch 29/120
400/400 - 7s - loss: 0.6452 - mean_absolute_error: 0.7762 - 7s/epoch - 17ms/step
Epoch 30/120
400/400 - 7s - loss: 0.6023 - mean_absolute_error: 0.7615 - 7s/epoch - 17ms/step
Epoch 31/120
400/400 - 7s - loss: 0.5232 - mean_absolute_error: 0.7259 - 7s/epoch - 17ms/step
Epoch 32/120
400/400 - 7s - loss: 0.5303 - mean_absolute_error: 0.7254 - 7s/epoch - 17ms/step
Epoch 33/120
400/400 - 7s - loss: 0.5440 - mean_absolute_error: 0.7406 - 7s/epoch - 17ms/step
Epoch 34/120
400/400 - 7s - loss: 0.4505 - mean_absolute_error: 0.6754 - 7s/epoch - 17ms/step
Epoch 35/120
400/400 - 7s - loss: 0.4549 - mean_absolute_error: 0.6840 - 7s/epoch - 17ms/step
Epoch 36/120
400/400 - 7s - loss: 0.4084 - mean_absolute_error: 0.6513 - 7s/epoch - 17ms/step
Epoch 37/120
400/400 - 7s - loss: 0.4674 - mean_absolute_error: 0.6887 - 7s/epoch - 17ms/step
Epoch 38/120
400/400 - 7s - loss: 0.3866 - mean_absolute_error: 0.6398 - 7s/epoch - 17ms/step
Epoch 39/120
400/400 - 7s - loss: 0.4193 - mean_absolute_error: 0.6614 - 7s/epoch - 17ms/step
Epoch 40/120
400/400 - 7s - loss: 0.4127 - mean_absolute_error: 0.6409 - 7s/epoch - 17ms/step
Epoch 41/120
400/400 - 7s - loss: 0.3908 - mean_absolute_error: 0.6302 - 7s/epoch - 18ms/step
Epoch 42/120
400/400 - 7s - loss: 0.2983 - mean_absolute_error: 0.5764 - 7s/epoch - 17ms/step
Epoch 43/120
400/400 - 7s - loss: 0.3017 - mean_absolute_error: 0.5701 - 7s/epoch - 17ms/step
Epoch 44/120
400/400 - 7s - loss: 0.3028 - mean_absolute_error: 0.5664 - 7s/epoch - 17ms/step
Epoch 45/120
400/400 - 7s - loss: 0.2823 - mean_absolute_error: 0.5601 - 7s/epoch - 17ms/step
Epoch 46/120
400/400 - 7s - loss: 0.2677 - mean_absolute_error: 0.5539 - 7s/epoch - 17ms/step
Epoch 47/120
400/400 - 7s - loss: 0.2990 - mean_absolute_error: 0.5622 - 7s/epoch - 17ms/step
Epoch 48/120
400/400 - 7s - loss: 0.2292 - mean_absolute_error: 0.5125 - 7s/epoch - 17ms/step
Epoch 49/120
400/400 - 7s - loss: 0.2235 - mean_absolute_error: 0.5052 - 7s/epoch - 17ms/step
Epoch 50/120
400/400 - 7s - loss: 0.2456 - mean_absolute_error: 0.5248 - 7s/epoch - 17ms/step
Epoch 51/120
400/400 - 7s - loss: 0.2352 - mean_absolute_error: 0.5116 - 7s/epoch - 17ms/step
Epoch 52/120
400/400 - 7s - loss: 0.2379 - mean_absolute_error: 0.5157 - 7s/epoch - 17ms/step
Epoch 53/120
400/400 - 7s - loss: 0.2088 - mean_absolute_error: 0.4824 - 7s/epoch - 17ms/step
Epoch 54/120
400/400 - 7s - loss: 0.2001 - mean_absolute_error: 0.4805 - 7s/epoch - 17ms/step
Epoch 55/120
400/400 - 7s - loss: 0.2054 - mean_absolute_error: 0.4869 - 7s/epoch - 17ms/step
Epoch 56/120
400/400 - 7s - loss: 0.1826 - mean_absolute_error: 0.4657 - 7s/epoch - 17ms/step
Epoch 57/120
400/400 - 7s - loss: 0.2031 - mean_absolute_error: 0.4754 - 7s/epoch - 17ms/step
Epoch 58/120
400/400 - 7s - loss: 0.1660 - mean_absolute_error: 0.4432 - 7s/epoch - 17ms/step
Epoch 59/120
400/400 - 7s - loss: 0.1530 - mean_absolute_error: 0.4274 - 7s/epoch - 17ms/step
Epoch 60/120
400/400 - 7s - loss: 0.1692 - mean_absolute_error: 0.4430 - 7s/epoch - 17ms/step
Epoch 61/120
400/400 - 7s - loss: 0.1635 - mean_absolute_error: 0.4374 - 7s/epoch - 17ms/step
Epoch 62/120
400/400 - 7s - loss: 0.1536 - mean_absolute_error: 0.4229 - 7s/epoch - 17ms/step
Epoch 63/120
400/400 - 7s - loss: 0.1688 - mean_absolute_error: 0.4408 - 7s/epoch - 17ms/step
Epoch 64/120
400/400 - 7s - loss: 0.1344 - mean_absolute_error: 0.4004 - 7s/epoch - 17ms/step
Epoch 65/120
400/400 - 7s - loss: 0.1941 - mean_absolute_error: 0.4640 - 7s/epoch - 17ms/step
Epoch 66/120
400/400 - 7s - loss: 0.1514 - mean_absolute_error: 0.4206 - 7s/epoch - 17ms/step
Epoch 67/120
400/400 - 7s - loss: 0.1446 - mean_absolute_error: 0.4099 - 7s/epoch - 17ms/step
Epoch 68/120
400/400 - 7s - loss: 0.1172 - mean_absolute_error: 0.3809 - 7s/epoch - 17ms/step
Epoch 69/120
400/400 - 7s - loss: 0.1261 - mean_absolute_error: 0.3868 - 7s/epoch - 17ms/step
Epoch 70/120
400/400 - 7s - loss: 0.1069 - mean_absolute_error: 0.3650 - 7s/epoch - 17ms/step
Epoch 71/120
400/400 - 7s - loss: 0.1249 - mean_absolute_error: 0.3823 - 7s/epoch - 17ms/step
Epoch 72/120
400/400 - 7s - loss: 0.2127 - mean_absolute_error: 0.4691 - 7s/epoch - 17ms/step
Epoch 73/120
400/400 - 7s - loss: 0.1470 - mean_absolute_error: 0.4164 - 7s/epoch - 17ms/step
Epoch 74/120
400/400 - 7s - loss: 0.1186 - mean_absolute_error: 0.3807 - 7s/epoch - 17ms/step
Epoch 75/120
400/400 - 7s - loss: 0.1044 - mean_absolute_error: 0.3642 - 7s/epoch - 17ms/step
Epoch 76/120
400/400 - 7s - loss: 0.1077 - mean_absolute_error: 0.3651 - 7s/epoch - 17ms/step
Epoch 77/120
400/400 - 7s - loss: 0.1037 - mean_absolute_error: 0.3566 - 7s/epoch - 17ms/step
Epoch 78/120
400/400 - 7s - loss: 0.0986 - mean_absolute_error: 0.3468 - 7s/epoch - 17ms/step
Epoch 79/120
400/400 - 7s - loss: 0.1028 - mean_absolute_error: 0.3596 - 7s/epoch - 17ms/step
Epoch 80/120
400/400 - 7s - loss: 0.1020 - mean_absolute_error: 0.3532 - 7s/epoch - 17ms/step
Epoch 81/120
400/400 - 7s - loss: 0.0990 - mean_absolute_error: 0.3452 - 7s/epoch - 17ms/step
Epoch 82/120
400/400 - 7s - loss: 0.1168 - mean_absolute_error: 0.3759 - 7s/epoch - 17ms/step
Epoch 83/120
400/400 - 7s - loss: 0.0957 - mean_absolute_error: 0.3426 - 7s/epoch - 17ms/step
Epoch 84/120
400/400 - 7s - loss: 0.1163 - mean_absolute_error: 0.3618 - 7s/epoch - 17ms/step
Epoch 85/120
400/400 - 7s - loss: 0.0936 - mean_absolute_error: 0.3335 - 7s/epoch - 17ms/step
Epoch 86/120
400/400 - 7s - loss: 0.0978 - mean_absolute_error: 0.3342 - 7s/epoch - 17ms/step
Epoch 87/120
400/400 - 7s - loss: 0.1001 - mean_absolute_error: 0.3444 - 7s/epoch - 17ms/step
Epoch 88/120
400/400 - 7s - loss: 0.0993 - mean_absolute_error: 0.3419 - 7s/epoch - 17ms/step
Epoch 89/120
400/400 - 7s - loss: 0.0913 - mean_absolute_error: 0.3359 - 7s/epoch - 18ms/step
Epoch 90/120
400/400 - 7s - loss: 0.0874 - mean_absolute_error: 0.3263 - 7s/epoch - 17ms/step
Epoch 91/120
400/400 - 7s - loss: 0.0747 - mean_absolute_error: 0.3067 - 7s/epoch - 17ms/step
Epoch 92/120
400/400 - 7s - loss: 0.1068 - mean_absolute_error: 0.3540 - 7s/epoch - 17ms/step
Epoch 93/120
400/400 - 7s - loss: 0.0839 - mean_absolute_error: 0.3190 - 7s/epoch - 17ms/step
Epoch 94/120
400/400 - 7s - loss: 0.0824 - mean_absolute_error: 0.3219 - 7s/epoch - 17ms/step
Epoch 95/120
400/400 - 7s - loss: 0.0764 - mean_absolute_error: 0.3093 - 7s/epoch - 17ms/step
Epoch 96/120
400/400 - 7s - loss: 0.0819 - mean_absolute_error: 0.3104 - 7s/epoch - 17ms/step
Epoch 97/120
400/400 - 7s - loss: 0.0836 - mean_absolute_error: 0.3177 - 7s/epoch - 17ms/step
Epoch 98/120
400/400 - 7s - loss: 0.0808 - mean_absolute_error: 0.3120 - 7s/epoch - 17ms/step
Epoch 99/120
400/400 - 7s - loss: 0.0684 - mean_absolute_error: 0.2943 - 7s/epoch - 17ms/step
Epoch 100/120
400/400 - 7s - loss: 0.0763 - mean_absolute_error: 0.3041 - 7s/epoch - 17ms/step
Epoch 101/120
400/400 - 7s - loss: 0.0703 - mean_absolute_error: 0.2958 - 7s/epoch - 17ms/step
Epoch 102/120
400/400 - 7s - loss: 0.0685 - mean_absolute_error: 0.2939 - 7s/epoch - 17ms/step
Epoch 103/120
400/400 - 7s - loss: 0.0711 - mean_absolute_error: 0.2972 - 7s/epoch - 17ms/step
Epoch 104/120
400/400 - 7s - loss: 0.1936 - mean_absolute_error: 0.3926 - 7s/epoch - 17ms/step
Epoch 105/120
400/400 - 7s - loss: 0.0929 - mean_absolute_error: 0.3429 - 7s/epoch - 18ms/step
Epoch 106/120
400/400 - 7s - loss: 0.0631 - mean_absolute_error: 0.2920 - 7s/epoch - 17ms/step
Epoch 107/120
400/400 - 7s - loss: 0.0513 - mean_absolute_error: 0.2662 - 7s/epoch - 18ms/step
Epoch 108/120
400/400 - 7s - loss: 0.0600 - mean_absolute_error: 0.2793 - 7s/epoch - 17ms/step
Epoch 109/120
400/400 - 7s - loss: 0.0497 - mean_absolute_error: 0.2573 - 7s/epoch - 17ms/step
Epoch 110/120
400/400 - 7s - loss: 0.0605 - mean_absolute_error: 0.2778 - 7s/epoch - 17ms/step
Epoch 111/120
400/400 - 7s - loss: 0.0539 - mean_absolute_error: 0.2619 - 7s/epoch - 17ms/step
Epoch 112/120
400/400 - 7s - loss: 0.0679 - mean_absolute_error: 0.2895 - 7s/epoch - 17ms/step
Epoch 113/120
400/400 - 7s - loss: 0.0580 - mean_absolute_error: 0.2705 - 7s/epoch - 17ms/step
Epoch 114/120
400/400 - 7s - loss: 0.0642 - mean_absolute_error: 0.2834 - 7s/epoch - 17ms/step
Epoch 115/120
400/400 - 7s - loss: 0.0526 - mean_absolute_error: 0.2608 - 7s/epoch - 17ms/step
Epoch 116/120
400/400 - 7s - loss: 0.0606 - mean_absolute_error: 0.2724 - 7s/epoch - 17ms/step
Epoch 117/120
400/400 - 7s - loss: 0.0671 - mean_absolute_error: 0.2849 - 7s/epoch - 17ms/step
Epoch 118/120
400/400 - 7s - loss: 0.0620 - mean_absolute_error: 0.2801 - 7s/epoch - 17ms/step
Epoch 119/120
400/400 - 7s - loss: 0.0554 - mean_absolute_error: 0.2593 - 7s/epoch - 17ms/step
Epoch 120/120
400/400 - 7s - loss: 0.0533 - mean_absolute_error: 0.2617 - 7s/epoch - 17ms/step
training time: 2490.5586581230164
