deep Ensemble learning ResNet slices2D (Whole cohort training)
[33mWARNING:[0m NVIDIA binaries may not be bound with --writable
..data size:(451, 128, 128, 128)
#### training axial ####
Epoch 1/120
400/400 - 14s - loss: 43.9030 - mean_absolute_error: 3.9528 - 14s/epoch - 35ms/step
Epoch 2/120
400/400 - 7s - loss: 4.5724 - mean_absolute_error: 1.7553 - 7s/epoch - 17ms/step
Epoch 3/120
400/400 - 7s - loss: 3.7717 - mean_absolute_error: 1.6075 - 7s/epoch - 17ms/step
Epoch 4/120
400/400 - 7s - loss: 3.1188 - mean_absolute_error: 1.4863 - 7s/epoch - 17ms/step
Epoch 5/120
400/400 - 7s - loss: 2.2572 - mean_absolute_error: 1.3145 - 7s/epoch - 17ms/step
Epoch 6/120
400/400 - 7s - loss: 2.0963 - mean_absolute_error: 1.2417 - 7s/epoch - 17ms/step
Epoch 7/120
400/400 - 7s - loss: 1.7153 - mean_absolute_error: 1.1677 - 7s/epoch - 18ms/step
Epoch 8/120
400/400 - 7s - loss: 1.5329 - mean_absolute_error: 1.1037 - 7s/epoch - 17ms/step
Epoch 9/120
400/400 - 7s - loss: 1.3401 - mean_absolute_error: 1.0459 - 7s/epoch - 17ms/step
Epoch 10/120
400/400 - 7s - loss: 1.2550 - mean_absolute_error: 1.0105 - 7s/epoch - 17ms/step
Epoch 11/120
400/400 - 7s - loss: 1.0572 - mean_absolute_error: 0.9570 - 7s/epoch - 18ms/step
Epoch 12/120
400/400 - 7s - loss: 1.0039 - mean_absolute_error: 0.9274 - 7s/epoch - 18ms/step
Epoch 13/120
400/400 - 7s - loss: 1.1454 - mean_absolute_error: 0.9717 - 7s/epoch - 17ms/step
Epoch 14/120
400/400 - 7s - loss: 0.9380 - mean_absolute_error: 0.9118 - 7s/epoch - 17ms/step
Epoch 15/120
400/400 - 7s - loss: 0.8327 - mean_absolute_error: 0.8688 - 7s/epoch - 18ms/step
Epoch 16/120
400/400 - 7s - loss: 0.7494 - mean_absolute_error: 0.8381 - 7s/epoch - 17ms/step
Epoch 17/120
400/400 - 7s - loss: 0.7308 - mean_absolute_error: 0.8298 - 7s/epoch - 17ms/step
Epoch 18/120
400/400 - 7s - loss: 0.8506 - mean_absolute_error: 0.8714 - 7s/epoch - 18ms/step
Epoch 19/120
400/400 - 7s - loss: 0.6240 - mean_absolute_error: 0.7754 - 7s/epoch - 17ms/step
Epoch 20/120
400/400 - 7s - loss: 0.6302 - mean_absolute_error: 0.7757 - 7s/epoch - 18ms/step
Epoch 21/120
400/400 - 7s - loss: 0.5698 - mean_absolute_error: 0.7411 - 7s/epoch - 17ms/step
Epoch 22/120
400/400 - 7s - loss: 0.4892 - mean_absolute_error: 0.7017 - 7s/epoch - 17ms/step
Epoch 23/120
400/400 - 7s - loss: 0.5269 - mean_absolute_error: 0.7180 - 7s/epoch - 18ms/step
Epoch 24/120
400/400 - 7s - loss: 0.6013 - mean_absolute_error: 0.7466 - 7s/epoch - 17ms/step
Epoch 25/120
400/400 - 7s - loss: 0.5278 - mean_absolute_error: 0.7141 - 7s/epoch - 17ms/step
Epoch 26/120
400/400 - 7s - loss: 0.4168 - mean_absolute_error: 0.6523 - 7s/epoch - 17ms/step
Epoch 27/120
400/400 - 7s - loss: 0.4635 - mean_absolute_error: 0.6730 - 7s/epoch - 17ms/step
Epoch 28/120
400/400 - 7s - loss: 0.3958 - mean_absolute_error: 0.6267 - 7s/epoch - 18ms/step
Epoch 29/120
400/400 - 7s - loss: 0.4586 - mean_absolute_error: 0.6593 - 7s/epoch - 17ms/step
Epoch 30/120
400/400 - 7s - loss: 0.4407 - mean_absolute_error: 0.6472 - 7s/epoch - 18ms/step
Epoch 31/120
400/400 - 7s - loss: 0.3502 - mean_absolute_error: 0.5982 - 7s/epoch - 17ms/step
Epoch 32/120
400/400 - 7s - loss: 0.3207 - mean_absolute_error: 0.5863 - 7s/epoch - 18ms/step
Epoch 33/120
400/400 - 7s - loss: 0.3126 - mean_absolute_error: 0.5715 - 7s/epoch - 18ms/step
Epoch 34/120
400/400 - 7s - loss: 0.3339 - mean_absolute_error: 0.5689 - 7s/epoch - 17ms/step
Epoch 35/120
400/400 - 7s - loss: 0.3331 - mean_absolute_error: 0.5800 - 7s/epoch - 18ms/step
Epoch 36/120
400/400 - 7s - loss: 0.3024 - mean_absolute_error: 0.5568 - 7s/epoch - 17ms/step
Epoch 37/120
400/400 - 7s - loss: 0.2852 - mean_absolute_error: 0.5491 - 7s/epoch - 17ms/step
Epoch 38/120
400/400 - 7s - loss: 0.2661 - mean_absolute_error: 0.5312 - 7s/epoch - 17ms/step
Epoch 39/120
400/400 - 7s - loss: 0.2314 - mean_absolute_error: 0.5107 - 7s/epoch - 17ms/step
Epoch 40/120
400/400 - 7s - loss: 0.2433 - mean_absolute_error: 0.5082 - 7s/epoch - 17ms/step
Epoch 41/120
400/400 - 7s - loss: 0.2382 - mean_absolute_error: 0.4987 - 7s/epoch - 17ms/step
Epoch 42/120
400/400 - 7s - loss: 0.2707 - mean_absolute_error: 0.5258 - 7s/epoch - 17ms/step
Epoch 43/120
400/400 - 7s - loss: 0.2378 - mean_absolute_error: 0.5072 - 7s/epoch - 17ms/step
Epoch 44/120
400/400 - 7s - loss: 0.2952 - mean_absolute_error: 0.5405 - 7s/epoch - 17ms/step
Epoch 45/120
400/400 - 7s - loss: 0.1874 - mean_absolute_error: 0.4591 - 7s/epoch - 17ms/step
Epoch 46/120
400/400 - 7s - loss: 0.1632 - mean_absolute_error: 0.4366 - 7s/epoch - 17ms/step
Epoch 47/120
400/400 - 7s - loss: 0.1553 - mean_absolute_error: 0.4245 - 7s/epoch - 17ms/step
Epoch 48/120
400/400 - 7s - loss: 0.1585 - mean_absolute_error: 0.4261 - 7s/epoch - 17ms/step
Epoch 49/120
400/400 - 7s - loss: 0.1826 - mean_absolute_error: 0.4433 - 7s/epoch - 17ms/step
Epoch 50/120
400/400 - 7s - loss: 0.1683 - mean_absolute_error: 0.4265 - 7s/epoch - 17ms/step
Epoch 51/120
400/400 - 7s - loss: 0.1842 - mean_absolute_error: 0.4497 - 7s/epoch - 18ms/step
Epoch 52/120
400/400 - 7s - loss: 0.2006 - mean_absolute_error: 0.4691 - 7s/epoch - 17ms/step
Epoch 53/120
400/400 - 7s - loss: 0.1655 - mean_absolute_error: 0.4265 - 7s/epoch - 17ms/step
Epoch 54/120
400/400 - 7s - loss: 0.1354 - mean_absolute_error: 0.3887 - 7s/epoch - 17ms/step
Epoch 55/120
400/400 - 7s - loss: 0.1180 - mean_absolute_error: 0.3762 - 7s/epoch - 17ms/step
Epoch 56/120
400/400 - 7s - loss: 0.1211 - mean_absolute_error: 0.3733 - 7s/epoch - 17ms/step
Epoch 57/120
400/400 - 7s - loss: 0.1228 - mean_absolute_error: 0.3773 - 7s/epoch - 17ms/step
Epoch 58/120
400/400 - 7s - loss: 0.1344 - mean_absolute_error: 0.3903 - 7s/epoch - 17ms/step
Epoch 59/120
400/400 - 7s - loss: 0.1310 - mean_absolute_error: 0.3820 - 7s/epoch - 17ms/step
Epoch 60/120
400/400 - 7s - loss: 0.1047 - mean_absolute_error: 0.3527 - 7s/epoch - 17ms/step
Epoch 61/120
400/400 - 7s - loss: 0.1383 - mean_absolute_error: 0.3928 - 7s/epoch - 17ms/step
Epoch 62/120
400/400 - 7s - loss: 0.1489 - mean_absolute_error: 0.4147 - 7s/epoch - 17ms/step
Epoch 63/120
400/400 - 7s - loss: 0.1121 - mean_absolute_error: 0.3549 - 7s/epoch - 17ms/step
Epoch 64/120
400/400 - 7s - loss: 0.1238 - mean_absolute_error: 0.3656 - 7s/epoch - 17ms/step
Epoch 65/120
400/400 - 7s - loss: 0.1216 - mean_absolute_error: 0.3678 - 7s/epoch - 17ms/step
Epoch 66/120
400/400 - 7s - loss: 0.0856 - mean_absolute_error: 0.3242 - 7s/epoch - 17ms/step
Epoch 67/120
400/400 - 7s - loss: 0.0893 - mean_absolute_error: 0.3236 - 7s/epoch - 17ms/step
Epoch 68/120
400/400 - 7s - loss: 0.1210 - mean_absolute_error: 0.3592 - 7s/epoch - 17ms/step
Epoch 69/120
400/400 - 7s - loss: 0.1151 - mean_absolute_error: 0.3579 - 7s/epoch - 17ms/step
Epoch 70/120
400/400 - 7s - loss: 0.1078 - mean_absolute_error: 0.3427 - 7s/epoch - 17ms/step
Epoch 71/120
400/400 - 7s - loss: 0.0948 - mean_absolute_error: 0.3299 - 7s/epoch - 17ms/step
Epoch 72/120
400/400 - 7s - loss: 0.0892 - mean_absolute_error: 0.3164 - 7s/epoch - 17ms/step
Epoch 73/120
400/400 - 7s - loss: 0.0846 - mean_absolute_error: 0.3097 - 7s/epoch - 17ms/step
Epoch 74/120
400/400 - 7s - loss: 0.0801 - mean_absolute_error: 0.3100 - 7s/epoch - 17ms/step
Epoch 75/120
400/400 - 7s - loss: 0.0737 - mean_absolute_error: 0.2982 - 7s/epoch - 17ms/step
Epoch 76/120
400/400 - 7s - loss: 0.0890 - mean_absolute_error: 0.3217 - 7s/epoch - 17ms/step
Epoch 77/120
400/400 - 7s - loss: 0.0918 - mean_absolute_error: 0.3212 - 7s/epoch - 17ms/step
Epoch 78/120
400/400 - 7s - loss: 0.0961 - mean_absolute_error: 0.3211 - 7s/epoch - 17ms/step
Epoch 79/120
400/400 - 7s - loss: 0.0860 - mean_absolute_error: 0.3195 - 7s/epoch - 17ms/step
Epoch 80/120
400/400 - 7s - loss: 0.0744 - mean_absolute_error: 0.2997 - 7s/epoch - 17ms/step
Epoch 81/120
400/400 - 7s - loss: 0.0693 - mean_absolute_error: 0.2913 - 7s/epoch - 17ms/step
Epoch 82/120
400/400 - 7s - loss: 0.0830 - mean_absolute_error: 0.3071 - 7s/epoch - 17ms/step
Epoch 83/120
400/400 - 7s - loss: 0.0723 - mean_absolute_error: 0.2934 - 7s/epoch - 17ms/step
Epoch 84/120
400/400 - 7s - loss: 0.0717 - mean_absolute_error: 0.2891 - 7s/epoch - 17ms/step
Epoch 85/120
400/400 - 7s - loss: 0.0737 - mean_absolute_error: 0.2920 - 7s/epoch - 17ms/step
Epoch 86/120
400/400 - 7s - loss: 0.0621 - mean_absolute_error: 0.2727 - 7s/epoch - 17ms/step
Epoch 87/120
400/400 - 7s - loss: 0.0683 - mean_absolute_error: 0.2761 - 7s/epoch - 17ms/step
Epoch 88/120
400/400 - 7s - loss: 0.0695 - mean_absolute_error: 0.2845 - 7s/epoch - 17ms/step
Epoch 89/120
400/400 - 7s - loss: 0.0700 - mean_absolute_error: 0.2784 - 7s/epoch - 17ms/step
Epoch 90/120
400/400 - 7s - loss: 0.0609 - mean_absolute_error: 0.2687 - 7s/epoch - 17ms/step
Epoch 91/120
400/400 - 7s - loss: 0.0696 - mean_absolute_error: 0.2801 - 7s/epoch - 17ms/step
Epoch 92/120
400/400 - 7s - loss: 0.0589 - mean_absolute_error: 0.2675 - 7s/epoch - 17ms/step
Epoch 93/120
400/400 - 7s - loss: 0.0551 - mean_absolute_error: 0.2584 - 7s/epoch - 17ms/step
Epoch 94/120
400/400 - 7s - loss: 0.0563 - mean_absolute_error: 0.2596 - 7s/epoch - 17ms/step
Epoch 95/120
400/400 - 7s - loss: 0.0758 - mean_absolute_error: 0.2959 - 7s/epoch - 17ms/step
Epoch 96/120
400/400 - 7s - loss: 0.0552 - mean_absolute_error: 0.2619 - 7s/epoch - 17ms/step
Epoch 97/120
400/400 - 7s - loss: 0.0809 - mean_absolute_error: 0.2986 - 7s/epoch - 17ms/step
Epoch 98/120
400/400 - 7s - loss: 0.0658 - mean_absolute_error: 0.2756 - 7s/epoch - 17ms/step
Epoch 99/120
400/400 - 7s - loss: 0.0488 - mean_absolute_error: 0.2434 - 7s/epoch - 17ms/step
Epoch 100/120
400/400 - 7s - loss: 0.0452 - mean_absolute_error: 0.2373 - 7s/epoch - 17ms/step
Epoch 101/120
400/400 - 7s - loss: 0.0641 - mean_absolute_error: 0.2682 - 7s/epoch - 17ms/step
Epoch 102/120
400/400 - 7s - loss: 0.0560 - mean_absolute_error: 0.2543 - 7s/epoch - 17ms/step
Epoch 103/120
400/400 - 7s - loss: 0.0604 - mean_absolute_error: 0.2705 - 7s/epoch - 17ms/step
Epoch 104/120
400/400 - 7s - loss: 0.0467 - mean_absolute_error: 0.2403 - 7s/epoch - 17ms/step
Epoch 105/120
400/400 - 7s - loss: 0.0497 - mean_absolute_error: 0.2479 - 7s/epoch - 17ms/step
Epoch 106/120
400/400 - 7s - loss: 0.0427 - mean_absolute_error: 0.2313 - 7s/epoch - 17ms/step
Epoch 107/120
400/400 - 7s - loss: 0.0543 - mean_absolute_error: 0.2499 - 7s/epoch - 17ms/step
Epoch 108/120
400/400 - 7s - loss: 0.0460 - mean_absolute_error: 0.2354 - 7s/epoch - 17ms/step
Epoch 109/120
400/400 - 7s - loss: 0.0493 - mean_absolute_error: 0.2389 - 7s/epoch - 17ms/step
Epoch 110/120
400/400 - 7s - loss: 0.0544 - mean_absolute_error: 0.2460 - 7s/epoch - 17ms/step
Epoch 111/120
400/400 - 7s - loss: 0.0598 - mean_absolute_error: 0.2624 - 7s/epoch - 17ms/step
Epoch 112/120
400/400 - 7s - loss: 0.0423 - mean_absolute_error: 0.2268 - 7s/epoch - 17ms/step
Epoch 113/120
400/400 - 7s - loss: 0.0490 - mean_absolute_error: 0.2375 - 7s/epoch - 17ms/step
Epoch 114/120
400/400 - 7s - loss: 0.0509 - mean_absolute_error: 0.2392 - 7s/epoch - 17ms/step
Epoch 115/120
400/400 - 7s - loss: 0.0375 - mean_absolute_error: 0.2163 - 7s/epoch - 17ms/step
Epoch 116/120
400/400 - 7s - loss: 0.0425 - mean_absolute_error: 0.2233 - 7s/epoch - 17ms/step
Epoch 117/120
400/400 - 7s - loss: 0.0400 - mean_absolute_error: 0.2208 - 7s/epoch - 17ms/step
Epoch 118/120
400/400 - 7s - loss: 0.0436 - mean_absolute_error: 0.2278 - 7s/epoch - 17ms/step
Epoch 119/120
400/400 - 7s - loss: 0.0475 - mean_absolute_error: 0.2315 - 7s/epoch - 17ms/step
Epoch 120/120
400/400 - 7s - loss: 0.0400 - mean_absolute_error: 0.2155 - 7s/epoch - 17ms/step
#### training sagittal ####
Epoch 1/120
400/400 - 10s - loss: 29.0192 - mean_absolute_error: 3.5912 - 10s/epoch - 26ms/step
Epoch 2/120
400/400 - 7s - loss: 5.7021 - mean_absolute_error: 1.8920 - 7s/epoch - 17ms/step
Epoch 3/120
400/400 - 7s - loss: 4.5938 - mean_absolute_error: 1.7279 - 7s/epoch - 17ms/step
Epoch 4/120
400/400 - 7s - loss: 3.8947 - mean_absolute_error: 1.5846 - 7s/epoch - 17ms/step
Epoch 5/120
400/400 - 7s - loss: 3.4828 - mean_absolute_error: 1.5272 - 7s/epoch - 17ms/step
Epoch 6/120
400/400 - 7s - loss: 3.0160 - mean_absolute_error: 1.4280 - 7s/epoch - 17ms/step
Epoch 7/120
400/400 - 7s - loss: 2.8577 - mean_absolute_error: 1.4168 - 7s/epoch - 17ms/step
Epoch 8/120
400/400 - 7s - loss: 2.4305 - mean_absolute_error: 1.3221 - 7s/epoch - 17ms/step
Epoch 9/120
400/400 - 7s - loss: 2.5278 - mean_absolute_error: 1.3677 - 7s/epoch - 17ms/step
Epoch 10/120
400/400 - 7s - loss: 2.3956 - mean_absolute_error: 1.3228 - 7s/epoch - 17ms/step
Epoch 11/120
400/400 - 7s - loss: 1.9023 - mean_absolute_error: 1.1953 - 7s/epoch - 17ms/step
Epoch 12/120
400/400 - 7s - loss: 1.8185 - mean_absolute_error: 1.1746 - 7s/epoch - 17ms/step
Epoch 13/120
400/400 - 7s - loss: 1.7345 - mean_absolute_error: 1.1512 - 7s/epoch - 18ms/step
Epoch 14/120
400/400 - 7s - loss: 1.5618 - mean_absolute_error: 1.1075 - 7s/epoch - 18ms/step
Epoch 15/120
400/400 - 7s - loss: 1.3294 - mean_absolute_error: 1.0271 - 7s/epoch - 17ms/step
Epoch 16/120
400/400 - 7s - loss: 1.2534 - mean_absolute_error: 1.0141 - 7s/epoch - 17ms/step
Epoch 17/120
400/400 - 7s - loss: 1.2421 - mean_absolute_error: 0.9972 - 7s/epoch - 17ms/step
Epoch 18/120
400/400 - 7s - loss: 1.0251 - mean_absolute_error: 0.9248 - 7s/epoch - 17ms/step
Epoch 19/120
400/400 - 7s - loss: 0.8678 - mean_absolute_error: 0.8567 - 7s/epoch - 17ms/step
Epoch 20/120
400/400 - 7s - loss: 0.8557 - mean_absolute_error: 0.8624 - 7s/epoch - 17ms/step
Epoch 21/120
400/400 - 7s - loss: 0.8173 - mean_absolute_error: 0.8446 - 7s/epoch - 17ms/step
Epoch 22/120
400/400 - 7s - loss: 0.6864 - mean_absolute_error: 0.7855 - 7s/epoch - 17ms/step
Epoch 23/120
400/400 - 7s - loss: 0.6148 - mean_absolute_error: 0.7546 - 7s/epoch - 17ms/step
Epoch 24/120
400/400 - 7s - loss: 0.6154 - mean_absolute_error: 0.7540 - 7s/epoch - 17ms/step
Epoch 25/120
400/400 - 7s - loss: 0.5029 - mean_absolute_error: 0.6913 - 7s/epoch - 17ms/step
Epoch 26/120
400/400 - 7s - loss: 0.5638 - mean_absolute_error: 0.7174 - 7s/epoch - 17ms/step
Epoch 27/120
400/400 - 7s - loss: 0.5040 - mean_absolute_error: 0.6892 - 7s/epoch - 17ms/step
Epoch 28/120
400/400 - 7s - loss: 0.4728 - mean_absolute_error: 0.6670 - 7s/epoch - 17ms/step
Epoch 29/120
400/400 - 7s - loss: 0.4375 - mean_absolute_error: 0.6474 - 7s/epoch - 17ms/step
Epoch 30/120
400/400 - 7s - loss: 0.4087 - mean_absolute_error: 0.6292 - 7s/epoch - 17ms/step
Epoch 31/120
400/400 - 7s - loss: 0.4005 - mean_absolute_error: 0.6304 - 7s/epoch - 17ms/step
Epoch 32/120
400/400 - 7s - loss: 0.3972 - mean_absolute_error: 0.6361 - 7s/epoch - 17ms/step
Epoch 33/120
400/400 - 7s - loss: 0.3219 - mean_absolute_error: 0.5775 - 7s/epoch - 17ms/step
Epoch 34/120
400/400 - 7s - loss: 0.4075 - mean_absolute_error: 0.6141 - 7s/epoch - 17ms/step
Epoch 35/120
400/400 - 7s - loss: 0.2804 - mean_absolute_error: 0.5454 - 7s/epoch - 17ms/step
Epoch 36/120
400/400 - 7s - loss: 0.3095 - mean_absolute_error: 0.5540 - 7s/epoch - 17ms/step
Epoch 37/120
400/400 - 7s - loss: 0.2726 - mean_absolute_error: 0.5269 - 7s/epoch - 17ms/step
Epoch 38/120
400/400 - 7s - loss: 0.2371 - mean_absolute_error: 0.5057 - 7s/epoch - 17ms/step
Epoch 39/120
400/400 - 7s - loss: 0.2878 - mean_absolute_error: 0.5304 - 7s/epoch - 17ms/step
Epoch 40/120
400/400 - 7s - loss: 0.2267 - mean_absolute_error: 0.4868 - 7s/epoch - 17ms/step
Epoch 41/120
400/400 - 7s - loss: 0.2464 - mean_absolute_error: 0.5004 - 7s/epoch - 17ms/step
Epoch 42/120
400/400 - 7s - loss: 0.1725 - mean_absolute_error: 0.4347 - 7s/epoch - 17ms/step
Epoch 43/120
400/400 - 7s - loss: 0.2121 - mean_absolute_error: 0.4682 - 7s/epoch - 17ms/step
Epoch 44/120
400/400 - 7s - loss: 0.1950 - mean_absolute_error: 0.4480 - 7s/epoch - 17ms/step
Epoch 45/120
400/400 - 7s - loss: 0.2226 - mean_absolute_error: 0.4599 - 7s/epoch - 17ms/step
Epoch 46/120
400/400 - 7s - loss: 0.2008 - mean_absolute_error: 0.4529 - 7s/epoch - 17ms/step
Epoch 47/120
400/400 - 7s - loss: 0.1552 - mean_absolute_error: 0.4154 - 7s/epoch - 17ms/step
Epoch 48/120
400/400 - 7s - loss: 0.1858 - mean_absolute_error: 0.4470 - 7s/epoch - 17ms/step
Epoch 49/120
400/400 - 7s - loss: 0.1574 - mean_absolute_error: 0.4223 - 7s/epoch - 17ms/step
Epoch 50/120
400/400 - 7s - loss: 0.1820 - mean_absolute_error: 0.4330 - 7s/epoch - 17ms/step
Epoch 51/120
400/400 - 7s - loss: 0.1573 - mean_absolute_error: 0.4157 - 7s/epoch - 17ms/step
Epoch 52/120
400/400 - 7s - loss: 0.1369 - mean_absolute_error: 0.3886 - 7s/epoch - 17ms/step
Epoch 53/120
400/400 - 7s - loss: 0.1416 - mean_absolute_error: 0.3914 - 7s/epoch - 17ms/step
Epoch 54/120
400/400 - 7s - loss: 0.1388 - mean_absolute_error: 0.3876 - 7s/epoch - 17ms/step
Epoch 55/120
400/400 - 7s - loss: 0.1549 - mean_absolute_error: 0.4043 - 7s/epoch - 17ms/step
Epoch 56/120
400/400 - 7s - loss: 0.1417 - mean_absolute_error: 0.3867 - 7s/epoch - 17ms/step
Epoch 57/120
400/400 - 7s - loss: 0.1361 - mean_absolute_error: 0.3813 - 7s/epoch - 17ms/step
Epoch 58/120
400/400 - 7s - loss: 0.1075 - mean_absolute_error: 0.3524 - 7s/epoch - 17ms/step
Epoch 59/120
400/400 - 7s - loss: 0.1102 - mean_absolute_error: 0.3496 - 7s/epoch - 17ms/step
Epoch 60/120
400/400 - 7s - loss: 0.1093 - mean_absolute_error: 0.3496 - 7s/epoch - 17ms/step
Epoch 61/120
400/400 - 7s - loss: 0.1277 - mean_absolute_error: 0.3737 - 7s/epoch - 17ms/step
Epoch 62/120
400/400 - 7s - loss: 0.1306 - mean_absolute_error: 0.3699 - 7s/epoch - 17ms/step
Epoch 63/120
400/400 - 7s - loss: 0.0932 - mean_absolute_error: 0.3290 - 7s/epoch - 17ms/step
Epoch 64/120
400/400 - 7s - loss: 0.1178 - mean_absolute_error: 0.3549 - 7s/epoch - 17ms/step
Epoch 65/120
400/400 - 7s - loss: 0.0963 - mean_absolute_error: 0.3234 - 7s/epoch - 17ms/step
Epoch 66/120
400/400 - 7s - loss: 0.1104 - mean_absolute_error: 0.3490 - 7s/epoch - 17ms/step
Epoch 67/120
400/400 - 7s - loss: 0.1313 - mean_absolute_error: 0.3679 - 7s/epoch - 17ms/step
Epoch 68/120
400/400 - 7s - loss: 0.1130 - mean_absolute_error: 0.3531 - 7s/epoch - 17ms/step
Epoch 69/120
400/400 - 7s - loss: 0.0881 - mean_absolute_error: 0.3133 - 7s/epoch - 17ms/step
Epoch 70/120
400/400 - 7s - loss: 0.0817 - mean_absolute_error: 0.3040 - 7s/epoch - 17ms/step
Epoch 71/120
400/400 - 7s - loss: 0.0838 - mean_absolute_error: 0.3105 - 7s/epoch - 17ms/step
Epoch 72/120
400/400 - 7s - loss: 0.0770 - mean_absolute_error: 0.2989 - 7s/epoch - 17ms/step
Epoch 73/120
400/400 - 7s - loss: 0.0749 - mean_absolute_error: 0.2935 - 7s/epoch - 17ms/step
Epoch 74/120
400/400 - 7s - loss: 0.0797 - mean_absolute_error: 0.3025 - 7s/epoch - 17ms/step
Epoch 75/120
400/400 - 7s - loss: 0.0874 - mean_absolute_error: 0.3046 - 7s/epoch - 17ms/step
Epoch 76/120
400/400 - 7s - loss: 0.0828 - mean_absolute_error: 0.3034 - 7s/epoch - 17ms/step
Epoch 77/120
400/400 - 7s - loss: 0.0723 - mean_absolute_error: 0.2875 - 7s/epoch - 17ms/step
Epoch 78/120
400/400 - 7s - loss: 0.0712 - mean_absolute_error: 0.2869 - 7s/epoch - 17ms/step
Epoch 79/120
400/400 - 7s - loss: 0.0628 - mean_absolute_error: 0.2712 - 7s/epoch - 17ms/step
Epoch 80/120
400/400 - 7s - loss: 0.0682 - mean_absolute_error: 0.2762 - 7s/epoch - 17ms/step
Epoch 81/120
400/400 - 7s - loss: 0.0683 - mean_absolute_error: 0.2791 - 7s/epoch - 17ms/step
Epoch 82/120
400/400 - 7s - loss: 0.0807 - mean_absolute_error: 0.2922 - 7s/epoch - 17ms/step
Epoch 83/120
400/400 - 7s - loss: 0.0747 - mean_absolute_error: 0.2879 - 7s/epoch - 17ms/step
Epoch 84/120
400/400 - 7s - loss: 0.0605 - mean_absolute_error: 0.2692 - 7s/epoch - 17ms/step
Epoch 85/120
400/400 - 7s - loss: 0.0639 - mean_absolute_error: 0.2632 - 7s/epoch - 17ms/step
Epoch 86/120
400/400 - 7s - loss: 0.0679 - mean_absolute_error: 0.2747 - 7s/epoch - 18ms/step
Epoch 87/120
400/400 - 7s - loss: 0.0721 - mean_absolute_error: 0.2783 - 7s/epoch - 17ms/step
Epoch 88/120
400/400 - 7s - loss: 0.0566 - mean_absolute_error: 0.2556 - 7s/epoch - 17ms/step
Epoch 89/120
400/400 - 7s - loss: 0.0763 - mean_absolute_error: 0.2887 - 7s/epoch - 17ms/step
Epoch 90/120
400/400 - 7s - loss: 0.0567 - mean_absolute_error: 0.2506 - 7s/epoch - 17ms/step
Epoch 91/120
400/400 - 7s - loss: 0.0533 - mean_absolute_error: 0.2485 - 7s/epoch - 17ms/step
Epoch 92/120
400/400 - 7s - loss: 0.0611 - mean_absolute_error: 0.2601 - 7s/epoch - 17ms/step
Epoch 93/120
400/400 - 7s - loss: 0.0608 - mean_absolute_error: 0.2606 - 7s/epoch - 17ms/step
Epoch 94/120
400/400 - 7s - loss: 0.0520 - mean_absolute_error: 0.2470 - 7s/epoch - 17ms/step
Epoch 95/120
400/400 - 7s - loss: 0.0519 - mean_absolute_error: 0.2434 - 7s/epoch - 17ms/step
Epoch 96/120
400/400 - 7s - loss: 0.0496 - mean_absolute_error: 0.2412 - 7s/epoch - 17ms/step
Epoch 97/120
400/400 - 7s - loss: 0.0578 - mean_absolute_error: 0.2590 - 7s/epoch - 17ms/step
Epoch 98/120
400/400 - 7s - loss: 0.0521 - mean_absolute_error: 0.2452 - 7s/epoch - 17ms/step
Epoch 99/120
400/400 - 7s - loss: 0.0512 - mean_absolute_error: 0.2402 - 7s/epoch - 17ms/step
Epoch 100/120
400/400 - 7s - loss: 0.0533 - mean_absolute_error: 0.2446 - 7s/epoch - 17ms/step
Epoch 101/120
400/400 - 7s - loss: 0.0513 - mean_absolute_error: 0.2398 - 7s/epoch - 17ms/step
Epoch 102/120
400/400 - 7s - loss: 0.0481 - mean_absolute_error: 0.2352 - 7s/epoch - 17ms/step
Epoch 103/120
400/400 - 7s - loss: 0.0442 - mean_absolute_error: 0.2239 - 7s/epoch - 17ms/step
Epoch 104/120
400/400 - 7s - loss: 0.0501 - mean_absolute_error: 0.2388 - 7s/epoch - 17ms/step
Epoch 105/120
400/400 - 7s - loss: 0.0436 - mean_absolute_error: 0.2222 - 7s/epoch - 17ms/step
Epoch 106/120
400/400 - 7s - loss: 0.0436 - mean_absolute_error: 0.2223 - 7s/epoch - 17ms/step
Epoch 107/120
400/400 - 7s - loss: 0.0460 - mean_absolute_error: 0.2269 - 7s/epoch - 17ms/step
Epoch 108/120
400/400 - 7s - loss: 0.0434 - mean_absolute_error: 0.2227 - 7s/epoch - 17ms/step
Epoch 109/120
400/400 - 7s - loss: 0.0462 - mean_absolute_error: 0.2270 - 7s/epoch - 17ms/step
Epoch 110/120
400/400 - 7s - loss: 0.0403 - mean_absolute_error: 0.2166 - 7s/epoch - 17ms/step
Epoch 111/120
400/400 - 7s - loss: 0.0356 - mean_absolute_error: 0.2035 - 7s/epoch - 17ms/step
Epoch 112/120
400/400 - 7s - loss: 0.0411 - mean_absolute_error: 0.2176 - 7s/epoch - 17ms/step
Epoch 113/120
400/400 - 7s - loss: 0.0713 - mean_absolute_error: 0.2676 - 7s/epoch - 17ms/step
Epoch 114/120
400/400 - 7s - loss: 0.0398 - mean_absolute_error: 0.2127 - 7s/epoch - 17ms/step
Epoch 115/120
400/400 - 7s - loss: 0.0372 - mean_absolute_error: 0.2072 - 7s/epoch - 17ms/step
Epoch 116/120
400/400 - 7s - loss: 0.0412 - mean_absolute_error: 0.2155 - 7s/epoch - 17ms/step
Epoch 117/120
400/400 - 7s - loss: 0.0327 - mean_absolute_error: 0.1987 - 7s/epoch - 17ms/step
Epoch 118/120
400/400 - 7s - loss: 0.0381 - mean_absolute_error: 0.2059 - 7s/epoch - 17ms/step
Epoch 119/120
400/400 - 7s - loss: 0.0376 - mean_absolute_error: 0.2051 - 7s/epoch - 17ms/step
Epoch 120/120
400/400 - 7s - loss: 0.0385 - mean_absolute_error: 0.2081 - 7s/epoch - 17ms/step
#### training coronal ####
Epoch 1/120
400/400 - 10s - loss: 31.6284 - mean_absolute_error: 3.7856 - 10s/epoch - 25ms/step
Epoch 2/120
400/400 - 7s - loss: 6.1438 - mean_absolute_error: 2.0017 - 7s/epoch - 17ms/step
Epoch 3/120
400/400 - 7s - loss: 4.8573 - mean_absolute_error: 1.8085 - 7s/epoch - 17ms/step
Epoch 4/120
400/400 - 7s - loss: 4.2784 - mean_absolute_error: 1.6968 - 7s/epoch - 17ms/step
Epoch 5/120
400/400 - 7s - loss: 3.4711 - mean_absolute_error: 1.5623 - 7s/epoch - 17ms/step
Epoch 6/120
400/400 - 7s - loss: 3.2864 - mean_absolute_error: 1.5107 - 7s/epoch - 17ms/step
Epoch 7/120
400/400 - 7s - loss: 2.7682 - mean_absolute_error: 1.3937 - 7s/epoch - 17ms/step
Epoch 8/120
400/400 - 7s - loss: 2.4436 - mean_absolute_error: 1.3173 - 7s/epoch - 17ms/step
Epoch 9/120
400/400 - 7s - loss: 2.4453 - mean_absolute_error: 1.3262 - 7s/epoch - 17ms/step
Epoch 10/120
400/400 - 7s - loss: 2.1340 - mean_absolute_error: 1.2600 - 7s/epoch - 17ms/step
Epoch 11/120
400/400 - 7s - loss: 2.0035 - mean_absolute_error: 1.2435 - 7s/epoch - 17ms/step
Epoch 12/120
400/400 - 7s - loss: 1.6805 - mean_absolute_error: 1.1474 - 7s/epoch - 17ms/step
Epoch 13/120
400/400 - 7s - loss: 1.6524 - mean_absolute_error: 1.1288 - 7s/epoch - 17ms/step
Epoch 14/120
400/400 - 7s - loss: 1.5940 - mean_absolute_error: 1.1208 - 7s/epoch - 17ms/step
Epoch 15/120
400/400 - 7s - loss: 1.4781 - mean_absolute_error: 1.0885 - 7s/epoch - 17ms/step
Epoch 16/120
400/400 - 7s - loss: 1.4383 - mean_absolute_error: 1.0763 - 7s/epoch - 17ms/step
Epoch 17/120
400/400 - 7s - loss: 1.1762 - mean_absolute_error: 0.9939 - 7s/epoch - 17ms/step
Epoch 18/120
400/400 - 7s - loss: 1.1169 - mean_absolute_error: 0.9659 - 7s/epoch - 17ms/step
Epoch 19/120
400/400 - 7s - loss: 1.0533 - mean_absolute_error: 0.9489 - 7s/epoch - 17ms/step
Epoch 20/120
400/400 - 7s - loss: 1.0394 - mean_absolute_error: 0.9396 - 7s/epoch - 17ms/step
Epoch 21/120
400/400 - 7s - loss: 0.9182 - mean_absolute_error: 0.8829 - 7s/epoch - 17ms/step
Epoch 22/120
400/400 - 7s - loss: 0.8532 - mean_absolute_error: 0.8779 - 7s/epoch - 17ms/step
Epoch 23/120
400/400 - 7s - loss: 0.8612 - mean_absolute_error: 0.8707 - 7s/epoch - 17ms/step
Epoch 24/120
400/400 - 7s - loss: 0.7751 - mean_absolute_error: 0.8365 - 7s/epoch - 17ms/step
Epoch 25/120
400/400 - 7s - loss: 0.8268 - mean_absolute_error: 0.8592 - 7s/epoch - 17ms/step
Epoch 26/120
400/400 - 7s - loss: 0.7338 - mean_absolute_error: 0.8186 - 7s/epoch - 17ms/step
Epoch 27/120
400/400 - 7s - loss: 0.6709 - mean_absolute_error: 0.7932 - 7s/epoch - 17ms/step
Epoch 28/120
400/400 - 7s - loss: 0.6026 - mean_absolute_error: 0.7645 - 7s/epoch - 17ms/step
Epoch 29/120
400/400 - 7s - loss: 0.6111 - mean_absolute_error: 0.7487 - 7s/epoch - 17ms/step
Epoch 30/120
400/400 - 7s - loss: 0.6061 - mean_absolute_error: 0.7629 - 7s/epoch - 17ms/step
Epoch 31/120
400/400 - 7s - loss: 0.4902 - mean_absolute_error: 0.7008 - 7s/epoch - 17ms/step
Epoch 32/120
400/400 - 7s - loss: 0.5463 - mean_absolute_error: 0.7241 - 7s/epoch - 17ms/step
Epoch 33/120
400/400 - 7s - loss: 0.5045 - mean_absolute_error: 0.7141 - 7s/epoch - 17ms/step
Epoch 34/120
400/400 - 7s - loss: 0.5095 - mean_absolute_error: 0.7016 - 7s/epoch - 17ms/step
Epoch 35/120
400/400 - 7s - loss: 0.4156 - mean_absolute_error: 0.6629 - 7s/epoch - 17ms/step
Epoch 36/120
400/400 - 7s - loss: 0.3914 - mean_absolute_error: 0.6385 - 7s/epoch - 17ms/step
Epoch 37/120
400/400 - 7s - loss: 0.3711 - mean_absolute_error: 0.6217 - 7s/epoch - 17ms/step
Epoch 38/120
400/400 - 7s - loss: 0.3262 - mean_absolute_error: 0.6017 - 7s/epoch - 17ms/step
Epoch 39/120
400/400 - 7s - loss: 0.3652 - mean_absolute_error: 0.6111 - 7s/epoch - 17ms/step
Epoch 40/120
400/400 - 7s - loss: 0.3529 - mean_absolute_error: 0.6016 - 7s/epoch - 17ms/step
Epoch 41/120
400/400 - 7s - loss: 0.3740 - mean_absolute_error: 0.6180 - 7s/epoch - 17ms/step
Epoch 42/120
400/400 - 7s - loss: 0.2901 - mean_absolute_error: 0.5739 - 7s/epoch - 17ms/step
Epoch 43/120
400/400 - 7s - loss: 0.2912 - mean_absolute_error: 0.5658 - 7s/epoch - 17ms/step
Epoch 44/120
400/400 - 7s - loss: 0.2606 - mean_absolute_error: 0.5298 - 7s/epoch - 17ms/step
Epoch 45/120
400/400 - 7s - loss: 0.2774 - mean_absolute_error: 0.5463 - 7s/epoch - 17ms/step
Epoch 46/120
400/400 - 7s - loss: 0.2841 - mean_absolute_error: 0.5546 - 7s/epoch - 17ms/step
Epoch 47/120
400/400 - 7s - loss: 0.2841 - mean_absolute_error: 0.5554 - 7s/epoch - 17ms/step
Epoch 48/120
400/400 - 7s - loss: 0.2868 - mean_absolute_error: 0.5562 - 7s/epoch - 17ms/step
Epoch 49/120
400/400 - 7s - loss: 0.2204 - mean_absolute_error: 0.4980 - 7s/epoch - 17ms/step
Epoch 50/120
400/400 - 7s - loss: 0.2427 - mean_absolute_error: 0.5195 - 7s/epoch - 17ms/step
Epoch 51/120
400/400 - 7s - loss: 0.2412 - mean_absolute_error: 0.5072 - 7s/epoch - 17ms/step
Epoch 52/120
400/400 - 7s - loss: 0.2010 - mean_absolute_error: 0.4796 - 7s/epoch - 17ms/step
Epoch 53/120
400/400 - 7s - loss: 0.2076 - mean_absolute_error: 0.4797 - 7s/epoch - 17ms/step
Epoch 54/120
400/400 - 7s - loss: 0.2092 - mean_absolute_error: 0.4790 - 7s/epoch - 17ms/step
Epoch 55/120
400/400 - 7s - loss: 0.1866 - mean_absolute_error: 0.4649 - 7s/epoch - 17ms/step
Epoch 56/120
400/400 - 7s - loss: 0.1928 - mean_absolute_error: 0.4617 - 7s/epoch - 17ms/step
Epoch 57/120
400/400 - 7s - loss: 0.2019 - mean_absolute_error: 0.4750 - 7s/epoch - 17ms/step
Epoch 58/120
400/400 - 7s - loss: 0.1845 - mean_absolute_error: 0.4528 - 7s/epoch - 18ms/step
Epoch 59/120
400/400 - 7s - loss: 0.1882 - mean_absolute_error: 0.4554 - 7s/epoch - 17ms/step
Epoch 60/120
400/400 - 7s - loss: 0.1655 - mean_absolute_error: 0.4377 - 7s/epoch - 17ms/step
Epoch 61/120
400/400 - 7s - loss: 0.1480 - mean_absolute_error: 0.4290 - 7s/epoch - 17ms/step
Epoch 62/120
400/400 - 7s - loss: 0.1469 - mean_absolute_error: 0.4236 - 7s/epoch - 17ms/step
Epoch 63/120
400/400 - 7s - loss: 0.1589 - mean_absolute_error: 0.4251 - 7s/epoch - 17ms/step
Epoch 64/120
400/400 - 7s - loss: 0.1701 - mean_absolute_error: 0.4406 - 7s/epoch - 17ms/step
Epoch 65/120
400/400 - 7s - loss: 0.1667 - mean_absolute_error: 0.4381 - 7s/epoch - 17ms/step
Epoch 66/120
400/400 - 7s - loss: 0.1591 - mean_absolute_error: 0.4286 - 7s/epoch - 17ms/step
Epoch 67/120
400/400 - 7s - loss: 0.1292 - mean_absolute_error: 0.3983 - 7s/epoch - 17ms/step
Epoch 68/120
400/400 - 7s - loss: 0.1325 - mean_absolute_error: 0.3979 - 7s/epoch - 17ms/step
Epoch 69/120
400/400 - 7s - loss: 0.1390 - mean_absolute_error: 0.4010 - 7s/epoch - 17ms/step
Epoch 70/120
400/400 - 7s - loss: 0.1248 - mean_absolute_error: 0.3890 - 7s/epoch - 17ms/step
Epoch 71/120
400/400 - 7s - loss: 0.1297 - mean_absolute_error: 0.3941 - 7s/epoch - 17ms/step
Epoch 72/120
400/400 - 7s - loss: 0.1309 - mean_absolute_error: 0.3901 - 7s/epoch - 17ms/step
Epoch 73/120
400/400 - 7s - loss: 0.1188 - mean_absolute_error: 0.3777 - 7s/epoch - 17ms/step
Epoch 74/120
400/400 - 7s - loss: 0.1161 - mean_absolute_error: 0.3721 - 7s/epoch - 17ms/step
Epoch 75/120
400/400 - 7s - loss: 0.1577 - mean_absolute_error: 0.4216 - 7s/epoch - 17ms/step
Epoch 76/120
400/400 - 7s - loss: 0.1214 - mean_absolute_error: 0.3774 - 7s/epoch - 17ms/step
Epoch 77/120
400/400 - 7s - loss: 0.1279 - mean_absolute_error: 0.3827 - 7s/epoch - 17ms/step
Epoch 78/120
400/400 - 7s - loss: 0.1121 - mean_absolute_error: 0.3684 - 7s/epoch - 17ms/step
Epoch 79/120
400/400 - 7s - loss: 0.0975 - mean_absolute_error: 0.3479 - 7s/epoch - 17ms/step
Epoch 80/120
400/400 - 7s - loss: 0.1166 - mean_absolute_error: 0.3687 - 7s/epoch - 17ms/step
Epoch 81/120
400/400 - 7s - loss: 0.1233 - mean_absolute_error: 0.3757 - 7s/epoch - 17ms/step
Epoch 82/120
400/400 - 7s - loss: 0.1178 - mean_absolute_error: 0.3703 - 7s/epoch - 17ms/step
Epoch 83/120
400/400 - 7s - loss: 0.1105 - mean_absolute_error: 0.3584 - 7s/epoch - 17ms/step
Epoch 84/120
400/400 - 7s - loss: 0.0966 - mean_absolute_error: 0.3447 - 7s/epoch - 17ms/step
Epoch 85/120
400/400 - 7s - loss: 0.0982 - mean_absolute_error: 0.3447 - 7s/epoch - 17ms/step
Epoch 86/120
400/400 - 7s - loss: 0.0811 - mean_absolute_error: 0.3229 - 7s/epoch - 17ms/step
Epoch 87/120
400/400 - 7s - loss: 0.0911 - mean_absolute_error: 0.3287 - 7s/epoch - 17ms/step
Epoch 88/120
400/400 - 7s - loss: 0.0912 - mean_absolute_error: 0.3357 - 7s/epoch - 17ms/step
Epoch 89/120
400/400 - 7s - loss: 0.0980 - mean_absolute_error: 0.3410 - 7s/epoch - 17ms/step
Epoch 90/120
400/400 - 7s - loss: 0.1018 - mean_absolute_error: 0.3468 - 7s/epoch - 17ms/step
Epoch 91/120
400/400 - 7s - loss: 0.1171 - mean_absolute_error: 0.3674 - 7s/epoch - 17ms/step
Epoch 92/120
400/400 - 7s - loss: 0.0999 - mean_absolute_error: 0.3483 - 7s/epoch - 17ms/step
Epoch 93/120
400/400 - 7s - loss: 0.0820 - mean_absolute_error: 0.3219 - 7s/epoch - 17ms/step
Epoch 94/120
400/400 - 7s - loss: 0.0776 - mean_absolute_error: 0.3117 - 7s/epoch - 17ms/step
Epoch 95/120
400/400 - 7s - loss: 0.0972 - mean_absolute_error: 0.3342 - 7s/epoch - 17ms/step
Epoch 96/120
400/400 - 7s - loss: 0.0945 - mean_absolute_error: 0.3354 - 7s/epoch - 17ms/step
Epoch 97/120
400/400 - 7s - loss: 0.0908 - mean_absolute_error: 0.3336 - 7s/epoch - 18ms/step
Epoch 98/120
400/400 - 7s - loss: 0.0814 - mean_absolute_error: 0.3124 - 7s/epoch - 17ms/step
Epoch 99/120
400/400 - 7s - loss: 0.0739 - mean_absolute_error: 0.2986 - 7s/epoch - 17ms/step
Epoch 100/120
400/400 - 7s - loss: 0.0771 - mean_absolute_error: 0.3100 - 7s/epoch - 17ms/step
Epoch 101/120
400/400 - 7s - loss: 0.0889 - mean_absolute_error: 0.3222 - 7s/epoch - 17ms/step
Epoch 102/120
400/400 - 7s - loss: 0.0955 - mean_absolute_error: 0.3248 - 7s/epoch - 17ms/step
Epoch 103/120
400/400 - 7s - loss: 0.0730 - mean_absolute_error: 0.3049 - 7s/epoch - 17ms/step
Epoch 104/120
400/400 - 7s - loss: 0.0728 - mean_absolute_error: 0.2981 - 7s/epoch - 17ms/step
Epoch 105/120
400/400 - 7s - loss: 0.0685 - mean_absolute_error: 0.2954 - 7s/epoch - 17ms/step
Epoch 106/120
400/400 - 7s - loss: 0.0741 - mean_absolute_error: 0.2988 - 7s/epoch - 17ms/step
Epoch 107/120
400/400 - 7s - loss: 0.0728 - mean_absolute_error: 0.2978 - 7s/epoch - 17ms/step
Epoch 108/120
400/400 - 7s - loss: 0.0705 - mean_absolute_error: 0.2889 - 7s/epoch - 17ms/step
Epoch 109/120
400/400 - 7s - loss: 0.0729 - mean_absolute_error: 0.2970 - 7s/epoch - 17ms/step
Epoch 110/120
400/400 - 7s - loss: 0.0734 - mean_absolute_error: 0.3089 - 7s/epoch - 17ms/step
Epoch 111/120
400/400 - 7s - loss: 0.0704 - mean_absolute_error: 0.2980 - 7s/epoch - 17ms/step
Epoch 112/120
400/400 - 7s - loss: 0.0577 - mean_absolute_error: 0.2763 - 7s/epoch - 17ms/step
Epoch 113/120
400/400 - 7s - loss: 0.0759 - mean_absolute_error: 0.3041 - 7s/epoch - 17ms/step
Epoch 114/120
400/400 - 7s - loss: 0.0585 - mean_absolute_error: 0.2747 - 7s/epoch - 17ms/step
Epoch 115/120
400/400 - 7s - loss: 0.0675 - mean_absolute_error: 0.2856 - 7s/epoch - 17ms/step
Epoch 116/120
400/400 - 7s - loss: 0.0723 - mean_absolute_error: 0.2959 - 7s/epoch - 18ms/step
Epoch 117/120
400/400 - 7s - loss: 0.0669 - mean_absolute_error: 0.2806 - 7s/epoch - 17ms/step
Epoch 118/120
400/400 - 7s - loss: 0.0575 - mean_absolute_error: 0.2675 - 7s/epoch - 17ms/step
Epoch 119/120
400/400 - 7s - loss: 0.0719 - mean_absolute_error: 0.2897 - 7s/epoch - 17ms/step
Epoch 120/120
400/400 - 7s - loss: 0.0572 - mean_absolute_error: 0.2680 - 7s/epoch - 17ms/step
training time: 2498.4819576740265
